#
# There is insufficient memory for the Java Runtime Environment to continue.
# Native memory allocation (malloc) failed to allocate 1048576 bytes. Error detail: AllocateHeap
# Possible reasons:
#   The system is out of physical RAM or swap space
#   This process is running with CompressedOops enabled, and the Java Heap may be blocking the growth of the native heap
# Possible solutions:
#   Reduce memory load on the system
#   Increase physical memory or swap space
#   Check if swap backing store is full
#   Decrease Java heap size (-Xmx/-Xms)
#   Decrease number of Java threads
#   Decrease Java thread stack sizes (-Xss)
#   Set larger code cache with -XX:ReservedCodeCacheSize=
#   JVM is running with Unscaled Compressed Oops mode in which the Java heap is
#     placed in the first 4GB address space. The Java Heap base address is the
#     maximum limit for the native heap growth. Please use -XX:HeapBaseMinAddress
#     to set the Java Heap base and to place the Java Heap above 4GB virtual address.
# This output file may be truncated or incomplete.
#
#  Out of Memory Error (allocation.cpp:44), pid=14792, tid=16240
#
# JRE version: OpenJDK Runtime Environment Temurin-17.0.11+9 (17.0.11+9) (build 17.0.11+9)
# Java VM: OpenJDK 64-Bit Server VM Temurin-17.0.11+9 (17.0.11+9, mixed mode, emulated-client, tiered, compressed oops, compressed class ptrs, g1 gc, windows-amd64)
# No core dump will be written. Minidumps are not enabled by default on client versions of Windows
#

---------------  S U M M A R Y ------------

Command Line: -Xmx1024m -Dsts.lsp.client=vscode -Dsts.log.file=/dev/null -XX:TieredStopAtLevel=1 -Xlog:jni+resolve=off -Dspring.config.location=file:c:\Users\79528\.vscode\extensions\vmware.vscode-spring-boot-1.55.0\language-server\BOOT-INF\classes\application.properties org.springframework.ide.vscode.boot.app.BootLanguageServerBootApp

Host: AMD Ryzen 5 3500U with Radeon Vega Mobile Gfx  , 8 cores, 5G,  Windows 10 , 64 bit Build 18362 (10.0.18362.1500)
Time: Wed Jun 12 23:29:53 2024 Russia TZ 2 Standard Time elapsed time: 18471.362940 seconds (0d 5h 7m 51s)

---------------  T H R E A D  ---------------

Current thread (0x000001b0cb34a1b0):  VMThread "VM Thread" [stack: 0x000000a3b9100000,0x000000a3b9200000] [id=16240]

Stack: [0x000000a3b9100000,0x000000a3b9200000]
Native frames: (J=compiled Java code, j=interpreted, Vv=VM code, C=native code)
V  [jvm.dll+0x67d429]
V  [jvm.dll+0x834b7a]
V  [jvm.dll+0x83663e]
V  [jvm.dll+0x836ca3]
V  [jvm.dll+0x247dbf]
V  [jvm.dll+0xa6cb3]
V  [jvm.dll+0x2f8ad3]
V  [jvm.dll+0x2f4750]
V  [jvm.dll+0x2dcf67]
V  [jvm.dll+0x31fb67]
V  [jvm.dll+0x83b19b]
V  [jvm.dll+0x83bed2]
V  [jvm.dll+0x83c3ed]
V  [jvm.dll+0x83c7c4]
V  [jvm.dll+0x83c890]
V  [jvm.dll+0x7e410a]
V  [jvm.dll+0x67c315]
C  [ucrtbase.dll+0x210b2]
C  [KERNEL32.DLL+0x17c24]
C  [ntdll.dll+0x6d721]

VM_Operation (0x000000a3ba4fed30): G1CollectFull, mode: safepoint, requested by thread 0x000001b0d10e6560


---------------  P R O C E S S  ---------------

Threads class SMR info:
_java_thread_list=0x000001b0d077ec50, length=19, elements={
0x000001b0be2c27e0, 0x000001b0be2c32b0, 0x000001b0cb4aa4b0, 0x000001b0cb4aaf80,
0x000001b0cb4af870, 0x000001b0cb385a40, 0x000001b0cb386310, 0x000001b0cb39d430,
0x000001b0cb6b1c40, 0x000001b0cb6bee00, 0x000001b0d1139370, 0x000001b0d10e6560,
0x000001b0d10e6f80, 0x000001b0d10e7490, 0x000001b0d10e6050, 0x000001b0d10e6a70,
0x000001b0d0768b20, 0x000001b0d0769030, 0x000001b0d0769540
}

Java Threads: ( => current thread )
  0x000001b0be2c27e0 JavaThread "Reference Handler" daemon [_thread_blocked, id=12396, stack(0x000000a3b9200000,0x000000a3b9300000)]
  0x000001b0be2c32b0 JavaThread "Finalizer" daemon [_thread_blocked, id=6964, stack(0x000000a3b9300000,0x000000a3b9400000)]
  0x000001b0cb4aa4b0 JavaThread "Signal Dispatcher" daemon [_thread_blocked, id=3604, stack(0x000000a3b9400000,0x000000a3b9500000)]
  0x000001b0cb4aaf80 JavaThread "Attach Listener" daemon [_thread_blocked, id=18756, stack(0x000000a3b9500000,0x000000a3b9600000)]
  0x000001b0cb4af870 JavaThread "Service Thread" daemon [_thread_blocked, id=8776, stack(0x000000a3b9600000,0x000000a3b9700000)]
  0x000001b0cb385a40 JavaThread "Monitor Deflation Thread" daemon [_thread_blocked, id=21320, stack(0x000000a3b9700000,0x000000a3b9800000)]
  0x000001b0cb386310 JavaThread "C1 CompilerThread0" daemon [_thread_blocked, id=13592, stack(0x000000a3b9800000,0x000000a3b9900000)]
  0x000001b0cb39d430 JavaThread "Sweeper thread" daemon [_thread_blocked, id=19660, stack(0x000000a3b9900000,0x000000a3b9a00000)]
  0x000001b0cb6b1c40 JavaThread "Notification Thread" daemon [_thread_blocked, id=2924, stack(0x000000a3b9a00000,0x000000a3b9b00000)]
  0x000001b0cb6bee00 JavaThread "Common-Cleaner" daemon [_thread_blocked, id=2940, stack(0x000000a3b9c00000,0x000000a3b9d00000)]
  0x000001b0d1139370 JavaThread "boundedElastic-evictor-1" daemon [_thread_blocked, id=21988, stack(0x000000a3ba100000,0x000000a3ba200000)]
  0x000001b0d10e6560 JavaThread "pool-13-thread-1" [_thread_blocked, id=13092, stack(0x000000a3ba400000,0x000000a3ba500000)]
  0x000001b0d10e6f80 JavaThread "LanguageServerApp-lifecycle" [_thread_blocked, id=11720, stack(0x000000a3ba800000,0x000000a3ba900000)]
  0x000001b0d10e7490 JavaThread "DestroyJavaVM" [_thread_blocked, id=5748, stack(0x000000a3b8b00000,0x000000a3b8c00000)]
  0x000001b0d10e6050 JavaThread "pool-14-thread-1" [_thread_in_native, id=20032, stack(0x000000a3ba900000,0x000000a3baa00000)]
  0x000001b0d10e6a70 JavaThread "Simple-Language-Server main thread" daemon [_thread_blocked, id=26448, stack(0x000000a3baa00000,0x000000a3bab00000)]
  0x000001b0d0768b20 JavaThread "pool-6-thread-1" [_thread_blocked, id=18396, stack(0x000000a3bac00000,0x000000a3bad00000)]
  0x000001b0d0769030 JavaThread "parallel-1" daemon [_thread_blocked, id=8308, stack(0x000000a3bad00000,0x000000a3bae00000)]
  0x000001b0d0769540 JavaThread "parallel-2" daemon [_thread_blocked, id=19160, stack(0x000000a3bb000000,0x000000a3bb100000)]

Other Threads:
=>0x000001b0cb34a1b0 VMThread "VM Thread" [stack: 0x000000a3b9100000,0x000000a3b9200000] [id=16240]
  0x000001b0cb6b2120 WatcherThread [stack: 0x000000a3b9b00000,0x000000a3b9c00000] [id=16444]
  0x000001b0c05bd5f0 GCTaskThread "GC Thread#0" [stack: 0x000000a3b8c00000,0x000000a3b8d00000] [id=3928]
  0x000001b0d076fd80 GCTaskThread "GC Thread#1" [stack: 0x000000a3b9e00000,0x000000a3b9f00000] [id=24832]
  0x000001b0d0903430 GCTaskThread "GC Thread#2" [stack: 0x000000a3b9f00000,0x000000a3ba000000] [id=4908]
  0x000001b0d09036f0 GCTaskThread "GC Thread#3" [stack: 0x000000a3ba000000,0x000000a3ba100000] [id=1144]
  0x000001b0cb616270 GCTaskThread "GC Thread#4" [stack: 0x000000a3ba200000,0x000000a3ba300000] [id=26844]
  0x000001b0cb616530 GCTaskThread "GC Thread#5" [stack: 0x000000a3ba300000,0x000000a3ba400000] [id=6796]
  0x000001b0d0c66410 GCTaskThread "GC Thread#6" [stack: 0x000000a3ba500000,0x000000a3ba600000] [id=15176]
  0x000001b0d0d37ed0 GCTaskThread "GC Thread#7" [stack: 0x000000a3ba600000,0x000000a3ba700000] [id=15852]
  0x000001b0c05c62f0 ConcurrentGCThread "G1 Main Marker" [stack: 0x000000a3b8d00000,0x000000a3b8e00000] [id=27008]
  0x000001b0c05c6ac0 ConcurrentGCThread "G1 Conc#0" [stack: 0x000000a3b8e00000,0x000000a3b8f00000] [id=11032]
  0x000001b0d0dbcbe0 ConcurrentGCThread "G1 Conc#1" [stack: 0x000000a3ba700000,0x000000a3ba800000] [id=4552]
  0x000001b0c0617980 ConcurrentGCThread "G1 Refine#0" [stack: 0x000000a3b8f00000,0x000000a3b9000000] [id=13256]
  0x000001b0c0618160 ConcurrentGCThread "G1 Service" [stack: 0x000000a3b9000000,0x000000a3b9100000] [id=27592]

Threads with active compile tasks:

VM state: at safepoint (normal execution)

VM Mutex/Monitor currently owned by a thread:  ([mutex/lock_event])
[0x000001b0be2c8850] Threads_lock - owner thread: 0x000001b0cb34a1b0
[0x000001b0be37ad60] Heap_lock - owner thread: 0x000001b0d10e6560

Heap address: 0x00000000c0000000, size: 1024 MB, Compressed Oops mode: 32-bit

CDS archive(s) not mapped
Compressed class space mapped at: 0x0000000100000000-0x0000000140000000, reserved size: 1073741824
Narrow klass base: 0x0000000000000000, Narrow klass shift: 3, Narrow klass range: 0x140000000

GC Precious Log:
 CPUs: 8 total, 8 available
 Memory: 6091M
 Large Page Support: Disabled
 NUMA Support: Disabled
 Compressed Oops: Enabled (32-bit)
 Heap Region Size: 1M
 Heap Min Capacity: 8M
 Heap Initial Capacity: 96M
 Heap Max Capacity: 1G
 Pre-touch: Disabled
 Parallel Workers: 8
 Concurrent Workers: 2
 Concurrent Refinement Workers: 8
 Periodic GC: Disabled

Heap:
 garbage-first heap   total 89088K, used 26769K [0x00000000c0000000, 0x0000000100000000)
  region size 1024K, 1 young (1024K), 0 survivors (0K)
 Metaspace       used 48238K, committed 48896K, reserved 1114112K
  class space    used 6227K, committed 6464K, reserved 1048576K

Heap Regions: E=young(eden), S=young(survivor), O=old, HS=humongous(starts), HC=humongous(continues), CS=collection set, F=free, OA=open archive, CA=closed archive, TAMS=top-at-mark-start (previous, next)
|   0|0x00000000c0000000, 0x00000000c0100000, 0x00000000c0100000|100%|HS|  |TAMS 0x00000000c0100000, 0x00000000c0000000| Untracked 
|   1|0x00000000c0100000, 0x00000000c0200000, 0x00000000c0200000|100%|HC|  |TAMS 0x00000000c0200000, 0x00000000c0100000| Untracked 
|   2|0x00000000c0200000, 0x00000000c0300000, 0x00000000c0300000|100%|HC|  |TAMS 0x00000000c0300000, 0x00000000c0200000| Untracked 
|   3|0x00000000c0300000, 0x00000000c0400000, 0x00000000c0400000|100%|HC|  |TAMS 0x00000000c0400000, 0x00000000c0300000| Untracked 
|   4|0x00000000c0400000, 0x00000000c0500000, 0x00000000c0500000|100%|HS|  |TAMS 0x00000000c0500000, 0x00000000c0400000| Untracked 
|   5|0x00000000c0500000, 0x00000000c0600000, 0x00000000c0600000|100%|HC|  |TAMS 0x00000000c0600000, 0x00000000c0500000| Untracked 
|   6|0x00000000c0600000, 0x00000000c06feae8, 0x00000000c0700000| 99%| O|  |TAMS 0x00000000c06feae8, 0x00000000c0600000| Untracked 
|   7|0x00000000c0700000, 0x00000000c07ff080, 0x00000000c0800000| 99%| O|  |TAMS 0x00000000c07ff080, 0x00000000c0700000| Untracked 
|   8|0x00000000c0800000, 0x00000000c08fffe8, 0x00000000c0900000| 99%| O|  |TAMS 0x00000000c08fffe8, 0x00000000c0800000| Untracked 
|   9|0x00000000c0900000, 0x00000000c09fffd0, 0x00000000c0a00000| 99%| O|  |TAMS 0x00000000c09fffd0, 0x00000000c0900000| Untracked 
|  10|0x00000000c0a00000, 0x00000000c0b00000, 0x00000000c0b00000|100%| O|  |TAMS 0x00000000c0b00000, 0x00000000c0a00000| Untracked 
|  11|0x00000000c0b00000, 0x00000000c0c00000, 0x00000000c0c00000|100%| O|  |TAMS 0x00000000c0c00000, 0x00000000c0b00000| Untracked 
|  12|0x00000000c0c00000, 0x00000000c0cfffe8, 0x00000000c0d00000| 99%| O|  |TAMS 0x00000000c0cfffe8, 0x00000000c0c00000| Untracked 
|  13|0x00000000c0d00000, 0x00000000c0e00000, 0x00000000c0e00000|100%| O|  |TAMS 0x00000000c0e00000, 0x00000000c0d00000| Untracked 
|  14|0x00000000c0e00000, 0x00000000c0f00000, 0x00000000c0f00000|100%| O|  |TAMS 0x00000000c0f00000, 0x00000000c0e00000| Untracked 
|  15|0x00000000c0f00000, 0x00000000c0ffffd8, 0x00000000c1000000| 99%| O|  |TAMS 0x00000000c0ffffd8, 0x00000000c0f00000| Untracked 
|  16|0x00000000c1000000, 0x00000000c10fffe8, 0x00000000c1100000| 99%| O|  |TAMS 0x00000000c10fffe8, 0x00000000c1000000| Untracked 
|  17|0x00000000c1100000, 0x00000000c11ffff0, 0x00000000c1200000| 99%| O|  |TAMS 0x00000000c11ffff0, 0x00000000c1100000| Untracked 
|  18|0x00000000c1200000, 0x00000000c12fffd0, 0x00000000c1300000| 99%| O|  |TAMS 0x00000000c12fffd0, 0x00000000c1200000| Untracked 
|  19|0x00000000c1300000, 0x00000000c13ffff8, 0x00000000c1400000| 99%| O|  |TAMS 0x00000000c13ffff8, 0x00000000c1300000| Untracked 
|  20|0x00000000c1400000, 0x00000000c1500000, 0x00000000c1500000|100%| O|  |TAMS 0x00000000c1500000, 0x00000000c1400000| Untracked 
|  21|0x00000000c1500000, 0x00000000c15ffff8, 0x00000000c1600000| 99%| O|  |TAMS 0x00000000c15ffff8, 0x00000000c1500000| Untracked 
|  22|0x00000000c1600000, 0x00000000c1700000, 0x00000000c1700000|100%| O|  |TAMS 0x00000000c1700000, 0x00000000c1600000| Untracked 
|  23|0x00000000c1700000, 0x00000000c17ffff8, 0x00000000c1800000| 99%| O|  |TAMS 0x00000000c17ffff8, 0x00000000c1700000| Untracked 
|  24|0x00000000c1800000, 0x00000000c18fffe0, 0x00000000c1900000| 99%| O|  |TAMS 0x00000000c18fffe0, 0x00000000c1800000| Untracked 
|  25|0x00000000c1900000, 0x00000000c19feac8, 0x00000000c1a00000| 99%| O|  |TAMS 0x00000000c19feac8, 0x00000000c1900000| Untracked 
|  26|0x00000000c1a00000, 0x00000000c1a27f98, 0x00000000c1b00000| 15%| O|  |TAMS 0x00000000c1a00000, 0x00000000c1a00000| Untracked 
|  27|0x00000000c1b00000, 0x00000000c1b00000, 0x00000000c1c00000|  0%| F|  |TAMS 0x00000000c1b00000, 0x00000000c1b00000| Untracked 
|  28|0x00000000c1c00000, 0x00000000c1c00000, 0x00000000c1d00000|  0%| F|  |TAMS 0x00000000c1c00000, 0x00000000c1c00000| Untracked 
|  29|0x00000000c1d00000, 0x00000000c1d00000, 0x00000000c1e00000|  0%| F|  |TAMS 0x00000000c1d00000, 0x00000000c1d00000| Untracked 
|  30|0x00000000c1e00000, 0x00000000c1e00000, 0x00000000c1f00000|  0%| F|  |TAMS 0x00000000c1e00000, 0x00000000c1e00000| Untracked 
|  31|0x00000000c1f00000, 0x00000000c1f00000, 0x00000000c2000000|  0%| F|  |TAMS 0x00000000c1f00000, 0x00000000c1f00000| Untracked 
|  32|0x00000000c2000000, 0x00000000c2000000, 0x00000000c2100000|  0%| F|  |TAMS 0x00000000c2000000, 0x00000000c2000000| Untracked 
|  33|0x00000000c2100000, 0x00000000c2100000, 0x00000000c2200000|  0%| F|  |TAMS 0x00000000c2100000, 0x00000000c2100000| Untracked 
|  34|0x00000000c2200000, 0x00000000c2200000, 0x00000000c2300000|  0%| F|  |TAMS 0x00000000c2200000, 0x00000000c2200000| Untracked 
|  35|0x00000000c2300000, 0x00000000c2300000, 0x00000000c2400000|  0%| F|  |TAMS 0x00000000c2300000, 0x00000000c2300000| Untracked 
|  36|0x00000000c2400000, 0x00000000c2400000, 0x00000000c2500000|  0%| F|  |TAMS 0x00000000c2400000, 0x00000000c2400000| Untracked 
|  37|0x00000000c2500000, 0x00000000c2500000, 0x00000000c2600000|  0%| F|  |TAMS 0x00000000c2500000, 0x00000000c2500000| Untracked 
|  38|0x00000000c2600000, 0x00000000c2600000, 0x00000000c2700000|  0%| F|  |TAMS 0x00000000c2600000, 0x00000000c2600000| Untracked 
|  39|0x00000000c2700000, 0x00000000c2700000, 0x00000000c2800000|  0%| F|  |TAMS 0x00000000c2700000, 0x00000000c2700000| Untracked 
|  40|0x00000000c2800000, 0x00000000c2800000, 0x00000000c2900000|  0%| F|  |TAMS 0x00000000c2800000, 0x00000000c2800000| Untracked 
|  41|0x00000000c2900000, 0x00000000c2900000, 0x00000000c2a00000|  0%| F|  |TAMS 0x00000000c2900000, 0x00000000c2900000| Untracked 
|  42|0x00000000c2a00000, 0x00000000c2a00000, 0x00000000c2b00000|  0%| F|  |TAMS 0x00000000c2a00000, 0x00000000c2a00000| Untracked 
|  43|0x00000000c2b00000, 0x00000000c2b00000, 0x00000000c2c00000|  0%| F|  |TAMS 0x00000000c2b00000, 0x00000000c2b00000| Untracked 
|  44|0x00000000c2c00000, 0x00000000c2c00000, 0x00000000c2d00000|  0%| F|  |TAMS 0x00000000c2c00000, 0x00000000c2c00000| Untracked 
|  45|0x00000000c2d00000, 0x00000000c2d00000, 0x00000000c2e00000|  0%| F|  |TAMS 0x00000000c2d00000, 0x00000000c2d00000| Untracked 
|  46|0x00000000c2e00000, 0x00000000c2e00000, 0x00000000c2f00000|  0%| F|  |TAMS 0x00000000c2e00000, 0x00000000c2e00000| Untracked 
|  47|0x00000000c2f00000, 0x00000000c2f00000, 0x00000000c3000000|  0%| F|  |TAMS 0x00000000c2f00000, 0x00000000c2f00000| Untracked 
|  48|0x00000000c3000000, 0x00000000c3000000, 0x00000000c3100000|  0%| F|  |TAMS 0x00000000c3000000, 0x00000000c3000000| Untracked 
|  49|0x00000000c3100000, 0x00000000c3100000, 0x00000000c3200000|  0%| F|  |TAMS 0x00000000c3100000, 0x00000000c3100000| Untracked 
|  50|0x00000000c3200000, 0x00000000c3200000, 0x00000000c3300000|  0%| F|  |TAMS 0x00000000c3200000, 0x00000000c3200000| Untracked 
|  51|0x00000000c3300000, 0x00000000c3300000, 0x00000000c3400000|  0%| F|  |TAMS 0x00000000c3300000, 0x00000000c3300000| Untracked 
|  52|0x00000000c3400000, 0x00000000c3400000, 0x00000000c3500000|  0%| F|  |TAMS 0x00000000c3400000, 0x00000000c3400000| Untracked 
|  53|0x00000000c3500000, 0x00000000c3500000, 0x00000000c3600000|  0%| F|  |TAMS 0x00000000c3500000, 0x00000000c3500000| Untracked 
|  54|0x00000000c3600000, 0x00000000c3600000, 0x00000000c3700000|  0%| F|  |TAMS 0x00000000c3600000, 0x00000000c3600000| Untracked 
|  55|0x00000000c3700000, 0x00000000c3700000, 0x00000000c3800000|  0%| F|  |TAMS 0x00000000c3700000, 0x00000000c3700000| Untracked 
|  56|0x00000000c3800000, 0x00000000c3800000, 0x00000000c3900000|  0%| F|  |TAMS 0x00000000c3800000, 0x00000000c3800000| Untracked 
|  57|0x00000000c3900000, 0x00000000c3900000, 0x00000000c3a00000|  0%| F|  |TAMS 0x00000000c3900000, 0x00000000c3900000| Untracked 
|  58|0x00000000c3a00000, 0x00000000c3a00000, 0x00000000c3b00000|  0%| F|  |TAMS 0x00000000c3a00000, 0x00000000c3a00000| Untracked 
|  59|0x00000000c3b00000, 0x00000000c3b00000, 0x00000000c3c00000|  0%| F|  |TAMS 0x00000000c3b00000, 0x00000000c3b00000| Untracked 
|  60|0x00000000c3c00000, 0x00000000c3c00000, 0x00000000c3d00000|  0%| F|  |TAMS 0x00000000c3c00000, 0x00000000c3c00000| Untracked 
|  61|0x00000000c3d00000, 0x00000000c3d00000, 0x00000000c3e00000|  0%| F|  |TAMS 0x00000000c3d00000, 0x00000000c3d00000| Untracked 
|  62|0x00000000c3e00000, 0x00000000c3e00000, 0x00000000c3f00000|  0%| F|  |TAMS 0x00000000c3e00000, 0x00000000c3e00000| Untracked 
|  63|0x00000000c3f00000, 0x00000000c3f00000, 0x00000000c4000000|  0%| F|  |TAMS 0x00000000c3f00000, 0x00000000c3f00000| Untracked 
|  64|0x00000000c4000000, 0x00000000c4000000, 0x00000000c4100000|  0%| F|  |TAMS 0x00000000c4000000, 0x00000000c4000000| Untracked 
|  65|0x00000000c4100000, 0x00000000c4100000, 0x00000000c4200000|  0%| F|  |TAMS 0x00000000c4100000, 0x00000000c4100000| Untracked 
|  66|0x00000000c4200000, 0x00000000c4200000, 0x00000000c4300000|  0%| F|  |TAMS 0x00000000c4200000, 0x00000000c4200000| Untracked 
|  67|0x00000000c4300000, 0x00000000c4300000, 0x00000000c4400000|  0%| F|  |TAMS 0x00000000c4300000, 0x00000000c4300000| Untracked 
|  68|0x00000000c4400000, 0x00000000c4400000, 0x00000000c4500000|  0%| F|  |TAMS 0x00000000c4400000, 0x00000000c4400000| Untracked 
|  69|0x00000000c4500000, 0x00000000c4500000, 0x00000000c4600000|  0%| F|  |TAMS 0x00000000c4500000, 0x00000000c4500000| Untracked 
|  70|0x00000000c4600000, 0x00000000c4600000, 0x00000000c4700000|  0%| F|  |TAMS 0x00000000c4600000, 0x00000000c4600000| Untracked 
|  71|0x00000000c4700000, 0x00000000c4700000, 0x00000000c4800000|  0%| F|  |TAMS 0x00000000c4700000, 0x00000000c4700000| Untracked 
|  72|0x00000000c4800000, 0x00000000c4800000, 0x00000000c4900000|  0%| F|  |TAMS 0x00000000c4800000, 0x00000000c4800000| Untracked 
|  73|0x00000000c4900000, 0x00000000c4900000, 0x00000000c4a00000|  0%| F|  |TAMS 0x00000000c4900000, 0x00000000c4900000| Untracked 
|  74|0x00000000c4a00000, 0x00000000c4a00000, 0x00000000c4b00000|  0%| F|  |TAMS 0x00000000c4a00000, 0x00000000c4a00000| Untracked 
|  75|0x00000000c4b00000, 0x00000000c4b00000, 0x00000000c4c00000|  0%| F|  |TAMS 0x00000000c4b00000, 0x00000000c4b00000| Untracked 
|  76|0x00000000c4c00000, 0x00000000c4c00000, 0x00000000c4d00000|  0%| F|  |TAMS 0x00000000c4c00000, 0x00000000c4c00000| Untracked 
|  77|0x00000000c4d00000, 0x00000000c4d00000, 0x00000000c4e00000|  0%| F|  |TAMS 0x00000000c4d00000, 0x00000000c4d00000| Untracked 
|  78|0x00000000c4e00000, 0x00000000c4e00000, 0x00000000c4f00000|  0%| F|  |TAMS 0x00000000c4e00000, 0x00000000c4e00000| Untracked 
|  85|0x00000000c5500000, 0x00000000c5500000, 0x00000000c5600000|  0%| F|  |TAMS 0x00000000c5500000, 0x00000000c5500000| Untracked 
|  86|0x00000000c5600000, 0x00000000c5600000, 0x00000000c5700000|  0%| F|  |TAMS 0x00000000c5600000, 0x00000000c5600000| Untracked 
|  87|0x00000000c5700000, 0x00000000c5700000, 0x00000000c5800000|  0%| F|  |TAMS 0x00000000c5700000, 0x00000000c5700000| Untracked 
|  88|0x00000000c5800000, 0x00000000c5800000, 0x00000000c5900000|  0%| F|  |TAMS 0x00000000c5800000, 0x00000000c5800000| Untracked 
|  92|0x00000000c5c00000, 0x00000000c5c00000, 0x00000000c5d00000|  0%| F|  |TAMS 0x00000000c5c00000, 0x00000000c5c00000| Untracked 
|  93|0x00000000c5d00000, 0x00000000c5d00000, 0x00000000c5e00000|  0%| F|  |TAMS 0x00000000c5d00000, 0x00000000c5d00000| Untracked 
|  94|0x00000000c5e00000, 0x00000000c5e00000, 0x00000000c5f00000|  0%| F|  |TAMS 0x00000000c5e00000, 0x00000000c5e00000| Untracked 
|  95|0x00000000c5f00000, 0x00000000c5f31ee8, 0x00000000c6000000| 19%| E|  |TAMS 0x00000000c5f00000, 0x00000000c5f00000| Complete 

Card table byte_map: [0x000001b0c6510000,0x000001b0c6710000] _byte_map_base: 0x000001b0c5f10000

Marking Bits (Prev, Next): (CMBitMap*) 0x000001b0c05bd9c0, (CMBitMap*) 0x000001b0c05bda00
 Prev Bits: [0x000001b0c6910000, 0x000001b0c7910000)
 Next Bits: [0x000001b0c7910000, 0x000001b0c8910000)

Polling page: 0x000001b0be270000

Metaspace:

Usage:
  Non-class:     41.03 MB used.
      Class:      6.08 MB used.
       Both:     47.11 MB used.

Virtual space:
  Non-class space:       64.00 MB reserved,      41.44 MB ( 65%) committed,  1 nodes.
      Class space:        1.00 GB reserved,       6.31 MB ( <1%) committed,  1 nodes.
             Both:        1.06 GB reserved,      47.75 MB (  4%) committed. 

Chunk freelists:
   Non-Class:  6.73 MB
       Class:  9.61 MB
        Both:  16.34 MB

MaxMetaspaceSize: unlimited
CompressedClassSpaceSize: 1.00 GB
Initial GC threshold: 21.00 MB
Current GC threshold: 79.63 MB
CDS: off
MetaspaceReclaimPolicy: balanced
 - commit_granule_bytes: 65536.
 - commit_granule_words: 8192.
 - virtual_space_node_default_size: 8388608.
 - enlarge_chunks_in_place: 1.
 - new_chunks_are_fully_committed: 0.
 - uncommit_free_chunks: 1.
 - use_allocation_guard: 0.
 - handle_deallocations: 1.


Internal statistics:

num_allocs_failed_limit: 12.
num_arena_births: 592.
num_arena_deaths: 210.
num_vsnodes_births: 2.
num_vsnodes_deaths: 0.
num_space_committed: 764.
num_space_uncommitted: 0.
num_chunks_returned_to_freelist: 257.
num_chunks_taken_from_freelist: 2006.
num_chunk_merges: 88.
num_chunk_splits: 1402.
num_chunks_enlarged: 1057.
num_inconsistent_stats: 0.

CodeCache: size=49152Kb used=8458Kb max_used=10016Kb free=40693Kb
 bounds [0x000001b0c3200000, 0x000001b0c3c40000, 0x000001b0c6200000]
 total_blobs=5286 nmethods=4664 adapters=549
 compilation: enabled
              stopped_count=0, restarted_count=0
 full_count=0

Compilation events (20 events):
Event: 17031.044 Thread 0x000001b0cb386310 4656   !   1       java.lang.ProcessImpl::start (733 bytes)
Event: 17031.065 Thread 0x000001b0cb386310 nmethod 4656 0x000001b0c3439910 code [0x000001b0c3439ee0, 0x000001b0c343ce38]
Event: 17031.332 Thread 0x000001b0cb386310 4662   !   1       java.io.FilterOutputStream::close (183 bytes)
Event: 17031.368 Thread 0x000001b0cb386310 nmethod 4662 0x000001b0c3438b90 code [0x000001b0c3438da0, 0x000001b0c3439278]
Event: 17031.368 Thread 0x000001b0cb386310 4663   !   1       java.io.FileOutputStream::close (69 bytes)
Event: 17031.370 Thread 0x000001b0cb386310 nmethod 4663 0x000001b0c3438510 code [0x000001b0c34386e0, 0x000001b0c3438a58]
Event: 17031.370 Thread 0x000001b0cb386310 4664       1       java.io.FileOutputStream$1::<init> (10 bytes)
Event: 17031.370 Thread 0x000001b0cb386310 nmethod 4664 0x000001b0c3438210 code [0x000001b0c34383a0, 0x000001b0c34384b8]
Event: 17031.370 Thread 0x000001b0cb386310 4665       1       java.io.FileOutputStream$1::close (11 bytes)
Event: 17031.372 Thread 0x000001b0cb386310 nmethod 4665 0x000001b0c3437b90 code [0x000001b0c3437d40, 0x000001b0c3438058]
Event: 17031.372 Thread 0x000001b0cb386310 4666       1       java.lang.System::gc (7 bytes)
Event: 17031.372 Thread 0x000001b0cb386310 nmethod 4666 0x000001b0c3437890 code [0x000001b0c3437a20, 0x000001b0c3437ae8]
Event: 17041.658 Thread 0x000001b0cb386310 4668       1       java.lang.ProcessImpl$$Lambda$918/0x0000000100648458::run (8 bytes)
Event: 17041.658 Thread 0x000001b0cb386310 nmethod 4668 0x000001b0c3437190 code [0x000001b0c3437320, 0x000001b0c3437408]
Event: 17041.658 Thread 0x000001b0cb386310 4669       1       java.lang.ProcessImpl::lambda$new$0 (6 bytes)
Event: 17041.659 Thread 0x000001b0cb386310 nmethod 4669 0x000001b0c3436e90 code [0x000001b0c3437020, 0x000001b0c34370e8]
Event: 18337.093 Thread 0x000001b0cb386310 4671   !   1       org.springframework.ide.vscode.commons.languageserver.util.ParentProcessWatcher::parentProcessStillRunning (413 bytes)
Event: 18338.286 Thread 0x000001b0cb386310 nmethod 4671 0x000001b0c3431490 code [0x000001b0c3431cc0, 0x000001b0c3434e88]
Event: 18379.192 Thread 0x000001b0cb386310 4672   !   1       java.lang.ProcessImpl::<init> (327 bytes)
Event: 18379.293 Thread 0x000001b0cb386310 nmethod 4672 0x000001b0c342e510 code [0x000001b0c342e960, 0x000001b0c342fd18]

GC Heap History (20 events):
Event: 18358.818 GC heap before
{Heap before GC invocations=392 (full 381):
 garbage-first heap   total 89088K, used 26777K [0x00000000c0000000, 0x0000000100000000)
  region size 1024K, 1 young (1024K), 0 survivors (0K)
 Metaspace       used 48238K, committed 48896K, reserved 1114112K
  class space    used 6227K, committed 6464K, reserved 1048576K
}
Event: 18358.847 GC heap after
{Heap after GC invocations=393 (full 382):
 garbage-first heap   total 89088K, used 26769K [0x00000000c0000000, 0x0000000100000000)
  region size 1024K, 0 young (0K), 0 survivors (0K)
 Metaspace       used 48238K, committed 48896K, reserved 1114112K
  class space    used 6227K, committed 6464K, reserved 1048576K
}
Event: 18369.160 GC heap before
{Heap before GC invocations=393 (full 382):
 garbage-first heap   total 89088K, used 26769K [0x00000000c0000000, 0x0000000100000000)
  region size 1024K, 1 young (1024K), 0 survivors (0K)
 Metaspace       used 48238K, committed 48896K, reserved 1114112K
  class space    used 6227K, committed 6464K, reserved 1048576K
}
Event: 18369.190 GC heap after
{Heap after GC invocations=394 (full 383):
 garbage-first heap   total 89088K, used 26769K [0x00000000c0000000, 0x0000000100000000)
  region size 1024K, 0 young (0K), 0 survivors (0K)
 Metaspace       used 48238K, committed 48896K, reserved 1114112K
  class space    used 6227K, committed 6464K, reserved 1048576K
}
Event: 18379.606 GC heap before
{Heap before GC invocations=394 (full 383):
 garbage-first heap   total 89088K, used 26769K [0x00000000c0000000, 0x0000000100000000)
  region size 1024K, 1 young (1024K), 0 survivors (0K)
 Metaspace       used 48238K, committed 48896K, reserved 1114112K
  class space    used 6227K, committed 6464K, reserved 1048576K
}
Event: 18379.658 GC heap after
{Heap after GC invocations=395 (full 384):
 garbage-first heap   total 89088K, used 26769K [0x00000000c0000000, 0x0000000100000000)
  region size 1024K, 0 young (0K), 0 survivors (0K)
 Metaspace       used 48238K, committed 48896K, reserved 1114112K
  class space    used 6227K, committed 6464K, reserved 1048576K
}
Event: 18390.004 GC heap before
{Heap before GC invocations=395 (full 384):
 garbage-first heap   total 89088K, used 26769K [0x00000000c0000000, 0x0000000100000000)
  region size 1024K, 1 young (1024K), 0 survivors (0K)
 Metaspace       used 48238K, committed 48896K, reserved 1114112K
  class space    used 6227K, committed 6464K, reserved 1048576K
}
Event: 18390.042 GC heap after
{Heap after GC invocations=396 (full 385):
 garbage-first heap   total 89088K, used 26769K [0x00000000c0000000, 0x0000000100000000)
  region size 1024K, 0 young (0K), 0 survivors (0K)
 Metaspace       used 48238K, committed 48896K, reserved 1114112K
  class space    used 6227K, committed 6464K, reserved 1048576K
}
Event: 18401.117 GC heap before
{Heap before GC invocations=396 (full 385):
 garbage-first heap   total 89088K, used 26769K [0x00000000c0000000, 0x0000000100000000)
  region size 1024K, 1 young (1024K), 0 survivors (0K)
 Metaspace       used 48238K, committed 48896K, reserved 1114112K
  class space    used 6227K, committed 6464K, reserved 1048576K
}
Event: 18401.181 GC heap after
{Heap after GC invocations=397 (full 386):
 garbage-first heap   total 89088K, used 26769K [0x00000000c0000000, 0x0000000100000000)
  region size 1024K, 0 young (0K), 0 survivors (0K)
 Metaspace       used 48238K, committed 48896K, reserved 1114112K
  class space    used 6227K, committed 6464K, reserved 1048576K
}
Event: 18411.784 GC heap before
{Heap before GC invocations=397 (full 386):
 garbage-first heap   total 89088K, used 26769K [0x00000000c0000000, 0x0000000100000000)
  region size 1024K, 1 young (1024K), 0 survivors (0K)
 Metaspace       used 48238K, committed 48896K, reserved 1114112K
  class space    used 6227K, committed 6464K, reserved 1048576K
}
Event: 18411.849 GC heap after
{Heap after GC invocations=398 (full 387):
 garbage-first heap   total 89088K, used 26769K [0x00000000c0000000, 0x0000000100000000)
  region size 1024K, 0 young (0K), 0 survivors (0K)
 Metaspace       used 48238K, committed 48896K, reserved 1114112K
  class space    used 6227K, committed 6464K, reserved 1048576K
}
Event: 18422.841 GC heap before
{Heap before GC invocations=398 (full 387):
 garbage-first heap   total 89088K, used 26769K [0x00000000c0000000, 0x0000000100000000)
  region size 1024K, 1 young (1024K), 0 survivors (0K)
 Metaspace       used 48238K, committed 48896K, reserved 1114112K
  class space    used 6227K, committed 6464K, reserved 1048576K
}
Event: 18422.906 GC heap after
{Heap after GC invocations=399 (full 388):
 garbage-first heap   total 89088K, used 26769K [0x00000000c0000000, 0x0000000100000000)
  region size 1024K, 0 young (0K), 0 survivors (0K)
 Metaspace       used 48238K, committed 48896K, reserved 1114112K
  class space    used 6227K, committed 6464K, reserved 1048576K
}
Event: 18433.835 GC heap before
{Heap before GC invocations=399 (full 388):
 garbage-first heap   total 89088K, used 26769K [0x00000000c0000000, 0x0000000100000000)
  region size 1024K, 1 young (1024K), 0 survivors (0K)
 Metaspace       used 48238K, committed 48896K, reserved 1114112K
  class space    used 6227K, committed 6464K, reserved 1048576K
}
Event: 18433.901 GC heap after
{Heap after GC invocations=400 (full 389):
 garbage-first heap   total 89088K, used 26769K [0x00000000c0000000, 0x0000000100000000)
  region size 1024K, 0 young (0K), 0 survivors (0K)
 Metaspace       used 48238K, committed 48896K, reserved 1114112K
  class space    used 6227K, committed 6464K, reserved 1048576K
}
Event: 18445.987 GC heap before
{Heap before GC invocations=400 (full 389):
 garbage-first heap   total 89088K, used 26769K [0x00000000c0000000, 0x0000000100000000)
  region size 1024K, 1 young (1024K), 0 survivors (0K)
 Metaspace       used 48238K, committed 48896K, reserved 1114112K
  class space    used 6227K, committed 6464K, reserved 1048576K
}
Event: 18446.054 GC heap after
{Heap after GC invocations=401 (full 390):
 garbage-first heap   total 89088K, used 26769K [0x00000000c0000000, 0x0000000100000000)
  region size 1024K, 0 young (0K), 0 survivors (0K)
 Metaspace       used 48238K, committed 48896K, reserved 1114112K
  class space    used 6227K, committed 6464K, reserved 1048576K
}
Event: 18458.395 GC heap before
{Heap before GC invocations=401 (full 390):
 garbage-first heap   total 89088K, used 26769K [0x00000000c0000000, 0x0000000100000000)
  region size 1024K, 1 young (1024K), 0 survivors (0K)
 Metaspace       used 48238K, committed 48896K, reserved 1114112K
  class space    used 6227K, committed 6464K, reserved 1048576K
}
Event: 18458.482 GC heap after
{Heap after GC invocations=402 (full 391):
 garbage-first heap   total 89088K, used 26769K [0x00000000c0000000, 0x0000000100000000)
  region size 1024K, 0 young (0K), 0 survivors (0K)
 Metaspace       used 48238K, committed 48896K, reserved 1114112K
  class space    used 6227K, committed 6464K, reserved 1048576K
}

Dll operation events (10 events):
Event: 0.034 Loaded shared library c:\Users\79528\.vscode\extensions\redhat.java-1.31.0-win32-x64\jre\17.0.11-win32-x86_64\bin\java.dll
Event: 2.358 Loaded shared library C:\Users\79528\.vscode\extensions\redhat.java-1.31.0-win32-x64\jre\17.0.11-win32-x86_64\bin\net.dll
Event: 2.367 Loaded shared library C:\Users\79528\.vscode\extensions\redhat.java-1.31.0-win32-x64\jre\17.0.11-win32-x86_64\bin\nio.dll
Event: 2.438 Loaded shared library C:\Users\79528\.vscode\extensions\redhat.java-1.31.0-win32-x64\jre\17.0.11-win32-x86_64\bin\zip.dll
Event: 4.506 Loaded shared library C:\Users\79528\.vscode\extensions\redhat.java-1.31.0-win32-x64\jre\17.0.11-win32-x86_64\bin\jimage.dll
Event: 15.200 Loaded shared library c:\Users\79528\.vscode\extensions\redhat.java-1.31.0-win32-x64\jre\17.0.11-win32-x86_64\bin\verify.dll
Event: 33.544 Loaded shared library C:\Users\79528\.vscode\extensions\redhat.java-1.31.0-win32-x64\jre\17.0.11-win32-x86_64\bin\management.dll
Event: 33.585 Loaded shared library C:\Users\79528\.vscode\extensions\redhat.java-1.31.0-win32-x64\jre\17.0.11-win32-x86_64\bin\management_ext.dll
Event: 44.824 Loaded shared library C:\Users\79528\.vscode\extensions\redhat.java-1.31.0-win32-x64\jre\17.0.11-win32-x86_64\bin\sunmscapi.dll
Event: 47.564 Loaded shared library C:\Users\79528\.vscode\extensions\redhat.java-1.31.0-win32-x64\jre\17.0.11-win32-x86_64\bin\extnet.dll

Deoptimization events (6 events):
Event: 40.349 Thread 0x000001b0d10e6050 DEOPT PACKING pc=0x000001b0c353e481 sp=0x000000a3ba9fd970
Event: 40.349 Thread 0x000001b0d10e6050 DEOPT UNPACKING pc=0x000001b0c3257143 sp=0x000000a3ba9fce00 mode 3
Event: 40.432 Thread 0x000001b0d10e6a70 DEOPT PACKING pc=0x000001b0c356de97 sp=0x000000a3baaff330
Event: 40.432 Thread 0x000001b0d10e6a70 DEOPT UNPACKING pc=0x000001b0c3257143 sp=0x000000a3baafe788 mode 3
Event: 45.444 Thread 0x000001b0d0769f60 DEOPT PACKING pc=0x000001b0c336168c sp=0x000000a3bb1faac0
Event: 45.444 Thread 0x000001b0d0769f60 DEOPT UNPACKING pc=0x000001b0c3257143 sp=0x000000a3bb1f9f88 mode 0

Classes unloaded (20 events):
Event: 125.263 Thread 0x000001b0cb34a1b0 Unloading class 0x0000000100634c00 'jdk/internal/reflect/GeneratedMethodAccessor6'
Event: 125.263 Thread 0x000001b0cb34a1b0 Unloading class 0x0000000100634800 'jdk/internal/reflect/GeneratedMethodAccessor5'
Event: 125.263 Thread 0x000001b0cb34a1b0 Unloading class 0x0000000100634400 'jdk/internal/reflect/GeneratedConstructorAccessor29'
Event: 125.263 Thread 0x000001b0cb34a1b0 Unloading class 0x0000000100634000 'jdk/internal/reflect/GeneratedConstructorAccessor28'
Event: 125.263 Thread 0x000001b0cb34a1b0 Unloading class 0x0000000100559800 'java/lang/invoke/LambdaForm$MH+0x0000000100559800'
Event: 125.263 Thread 0x000001b0cb34a1b0 Unloading class 0x0000000100559000 'java/lang/invoke/LambdaForm$MH+0x0000000100559000'
Event: 125.263 Thread 0x000001b0cb34a1b0 Unloading class 0x0000000100558c00 'java/lang/invoke/LambdaForm$MH+0x0000000100558c00'
Event: 125.263 Thread 0x000001b0cb34a1b0 Unloading class 0x0000000100558800 'java/lang/invoke/LambdaForm$MH+0x0000000100558800'
Event: 125.263 Thread 0x000001b0cb34a1b0 Unloading class 0x0000000100558400 'java/lang/invoke/LambdaForm$MH+0x0000000100558400'
Event: 125.263 Thread 0x000001b0cb34a1b0 Unloading class 0x0000000100558000 'java/lang/invoke/LambdaForm$MH+0x0000000100558000'
Event: 125.263 Thread 0x000001b0cb34a1b0 Unloading class 0x000000010008e800 'java/lang/invoke/LambdaForm$MH+0x000000010008e800'
Event: 125.263 Thread 0x000001b0cb34a1b0 Unloading class 0x000000010008e400 'java/lang/invoke/LambdaForm$MH+0x000000010008e400'
Event: 125.263 Thread 0x000001b0cb34a1b0 Unloading class 0x000000010008e000 'java/lang/invoke/LambdaForm$MH+0x000000010008e000'
Event: 125.263 Thread 0x000001b0cb34a1b0 Unloading class 0x000000010008dc00 'java/lang/invoke/LambdaForm$MH+0x000000010008dc00'
Event: 125.263 Thread 0x000001b0cb34a1b0 Unloading class 0x000000010008d800 'java/lang/invoke/LambdaForm$MH+0x000000010008d800'
Event: 125.263 Thread 0x000001b0cb34a1b0 Unloading class 0x000000010008d400 'java/lang/invoke/LambdaForm$MH+0x000000010008d400'
Event: 125.263 Thread 0x000001b0cb34a1b0 Unloading class 0x000000010008cc00 'java/lang/invoke/LambdaForm$MH+0x000000010008cc00'
Event: 125.263 Thread 0x000001b0cb34a1b0 Unloading class 0x000000010008c800 'java/lang/invoke/LambdaForm$MH+0x000000010008c800'
Event: 125.263 Thread 0x000001b0cb34a1b0 Unloading class 0x000000010008c000 'java/lang/invoke/LambdaForm$MH+0x000000010008c000'
Event: 125.263 Thread 0x000001b0cb34a1b0 Unloading class 0x000000010008bc00 'java/lang/invoke/LambdaForm$MH+0x000000010008bc00'

Classes redefined (0 events):
No events

Internal exceptions (20 events):
Event: 44.411 Thread 0x000001b0d0769f60 Exception <a 'java/lang/NoSuchMethodError'{0x00000000c58aa6c0}: 'java.lang.Object java.lang.invoke.DirectMethodHandle$Holder.invokeStatic(java.lang.Object, java.lang.Object, int, java.lang.Object)'> (0x00000000c58aa6c0) 
thrown [s\src\hotspot\share\interpreter\linkResolver.cpp, line 759]
Event: 44.415 Thread 0x000001b0d0769f60 Exception <a 'java/lang/NoSuchMethodError'{0x00000000c58b0aa0}: 'java.lang.Object java.lang.invoke.DirectMethodHandle$Holder.newInvokeSpecial(java.lang.Object, java.lang.Object, int)'> (0x00000000c58b0aa0) 
thrown [s\src\hotspot\share\interpreter\linkResolver.cpp, line 759]
Event: 44.495 Thread 0x000001b0d0768b20 Exception <a 'sun/nio/fs/WindowsException'{0x00000000c57b1a48}> (0x00000000c57b1a48) 
thrown [s\src\hotspot\share\prims\jni.cpp, line 516]
Event: 44.500 Thread 0x000001b0d0768b20 Exception <a 'sun/nio/fs/WindowsException'{0x00000000c57b2548}> (0x00000000c57b2548) 
thrown [s\src\hotspot\share\prims\jni.cpp, line 516]
Event: 44.500 Thread 0x000001b0d0768b20 Exception <a 'sun/nio/fs/WindowsException'{0x00000000c57b2fd8}> (0x00000000c57b2fd8) 
thrown [s\src\hotspot\share\prims\jni.cpp, line 516]
Event: 44.502 Thread 0x000001b0d0768b20 Exception <a 'sun/nio/fs/WindowsException'{0x00000000c57b3a18}> (0x00000000c57b3a18) 
thrown [s\src\hotspot\share\prims\jni.cpp, line 516]
Event: 44.508 Thread 0x000001b0d0768b20 Exception <a 'sun/nio/fs/WindowsException'{0x00000000c57b44a8}> (0x00000000c57b44a8) 
thrown [s\src\hotspot\share\prims\jni.cpp, line 516]
Event: 44.513 Thread 0x000001b0d0768b20 Exception <a 'sun/nio/fs/WindowsException'{0x00000000c57b5070}> (0x00000000c57b5070) 
thrown [s\src\hotspot\share\prims\jni.cpp, line 516]
Event: 44.524 Thread 0x000001b0d0768b20 Exception <a 'sun/nio/fs/WindowsException'{0x00000000c57bc4b8}> (0x00000000c57bc4b8) 
thrown [s\src\hotspot\share\prims\jni.cpp, line 516]
Event: 44.525 Thread 0x000001b0d0768b20 Exception <a 'sun/nio/fs/WindowsException'{0x00000000c57bcfa0}> (0x00000000c57bcfa0) 
thrown [s\src\hotspot\share\prims\jni.cpp, line 516]
Event: 44.526 Thread 0x000001b0d0768b20 Exception <a 'sun/nio/fs/WindowsException'{0x00000000c57bda30}> (0x00000000c57bda30) 
thrown [s\src\hotspot\share\prims\jni.cpp, line 516]
Event: 44.527 Thread 0x000001b0d0768b20 Exception <a 'sun/nio/fs/WindowsException'{0x00000000c57be470}> (0x00000000c57be470) 
thrown [s\src\hotspot\share\prims\jni.cpp, line 516]
Event: 44.528 Thread 0x000001b0d0768b20 Exception <a 'sun/nio/fs/WindowsException'{0x00000000c57bef00}> (0x00000000c57bef00) 
thrown [s\src\hotspot\share\prims\jni.cpp, line 516]
Event: 44.529 Thread 0x000001b0d0768b20 Exception <a 'sun/nio/fs/WindowsException'{0x00000000c57bfac8}> (0x00000000c57bfac8) 
thrown [s\src\hotspot\share\prims\jni.cpp, line 516]
Event: 45.339 Thread 0x000001b0d0769f60 Exception <a 'sun/nio/fs/WindowsException'{0x00000000c4829cc8}> (0x00000000c4829cc8) 
thrown [s\src\hotspot\share\prims\jni.cpp, line 516]
Event: 83.418 Thread 0x000001b0d10e6560 Exception <a 'java/lang/NoSuchMethodError'{0x00000000c5cf81f0}: 'void java.lang.invoke.DirectMethodHandle$Holder.invokeStatic(java.lang.Object, long)'> (0x00000000c5cf81f0) 
thrown [s\src\hotspot\share\interpreter\linkResolver.cpp, line 759]
Event: 83.419 Thread 0x000001b0d10e6560 Exception <a 'java/lang/NoSuchMethodError'{0x00000000c5cfd598}: 'java.lang.Object java.lang.invoke.DirectMethodHandle$Holder.newInvokeSpecial(java.lang.Object, long)'> (0x00000000c5cfd598) 
thrown [s\src\hotspot\share\interpreter\linkResolver.cpp, line 759]
Event: 350.428 Thread 0x000001b0d0769a50 Exception <a 'java/io/IOException'{0x00000000c5f8f528}> (0x00000000c5f8f528) 
thrown [s\src\hotspot\share\prims\jni.cpp, line 516]
Event: 351.346 Thread 0x000001b0d07671d0 Exception <a 'java/io/IOException'{0x00000000c5f9c880}> (0x00000000c5f9c880) 
thrown [s\src\hotspot\share\prims\jni.cpp, line 516]
Event: 352.630 Thread 0x000001b0d1833070 Exception <a 'java/io/IOException'{0x00000000c5fa8b58}> (0x00000000c5fa8b58) 
thrown [s\src\hotspot\share\prims\jni.cpp, line 516]

VM Operations (20 events):
Event: 18358.847 Executing VM operation: G1CollectFull done
Event: 18369.160 Executing VM operation: G1CollectFull
Event: 18369.191 Executing VM operation: G1CollectFull done
Event: 18379.601 Executing VM operation: G1CollectFull
Event: 18379.658 Executing VM operation: G1CollectFull done
Event: 18390.004 Executing VM operation: G1CollectFull
Event: 18390.042 Executing VM operation: G1CollectFull done
Event: 18401.116 Executing VM operation: G1CollectFull
Event: 18401.181 Executing VM operation: G1CollectFull done
Event: 18411.783 Executing VM operation: G1CollectFull
Event: 18411.849 Executing VM operation: G1CollectFull done
Event: 18422.839 Executing VM operation: G1CollectFull
Event: 18422.906 Executing VM operation: G1CollectFull done
Event: 18433.834 Executing VM operation: G1CollectFull
Event: 18433.901 Executing VM operation: G1CollectFull done
Event: 18445.986 Executing VM operation: G1CollectFull
Event: 18446.055 Executing VM operation: G1CollectFull done
Event: 18458.394 Executing VM operation: G1CollectFull
Event: 18458.482 Executing VM operation: G1CollectFull done
Event: 18471.308 Executing VM operation: G1CollectFull

Events (20 events):
Event: 350.404 loading class sun/security/ssl/Alert done
Event: 350.407 loading class sun/security/ssl/Alert$AlertConsumer
Event: 350.411 loading class sun/security/ssl/Alert$AlertConsumer done
Event: 350.411 loading class sun/security/ssl/Alert$Level
Event: 350.412 loading class sun/security/ssl/Alert$Level done
Event: 350.429 loading class sun/net/ConnectionResetException
Event: 350.429 loading class sun/net/ConnectionResetException done
Event: 410.424 Thread 0x000001b0d18344b0 Thread exited: 0x000001b0d18344b0
Event: 411.347 Thread 0x000001b0d18353e0 Thread exited: 0x000001b0d18353e0
Event: 411.349 Thread 0x000001b0d07671d0 Thread exited: 0x000001b0d07671d0
Event: 412.629 Thread 0x000001b0d0769a50 Thread exited: 0x000001b0d0769a50
Event: 412.631 Thread 0x000001b0d1833070 Thread exited: 0x000001b0d1833070
Event: 12056.623 Thread 0x000001b0cb65a180 Thread added: 0x000001b0cb65a180
Event: 12056.627 Thread 0x000001b0cb6581a0 Thread added: 0x000001b0cb6581a0
Event: 12056.629 Thread 0x000001b0cb658c40 Thread added: 0x000001b0cb658c40
Event: 12061.707 Thread 0x000001b0cb658c40 Thread exited: 0x000001b0cb658c40
Event: 15566.336 Thread 0x000001b0cb6581a0 Thread exited: 0x000001b0cb6581a0
Event: 15571.290 Thread 0x000001b0cb65a180 Thread exited: 0x000001b0cb65a180
Event: 18379.299 Thread 0x000001b0cb6586f0 Thread added: 0x000001b0cb6586f0
Event: 18384.330 Thread 0x000001b0cb6586f0 Thread exited: 0x000001b0cb6586f0


Dynamic libraries:
0x00007ff6127c0000 - 0x00007ff6127ce000 	c:\Users\79528\.vscode\extensions\redhat.java-1.31.0-win32-x64\jre\17.0.11-win32-x86_64\bin\java.exe
0x00007ffeeff60000 - 0x00007ffef0150000 	C:\WINDOWS\SYSTEM32\ntdll.dll
0x00007ffeeed30000 - 0x00007ffeeede2000 	C:\WINDOWS\System32\KERNEL32.DLL
0x00007ffeed1c0000 - 0x00007ffeed465000 	C:\WINDOWS\System32\KERNELBASE.dll
0x00007ffeecf70000 - 0x00007ffeed06a000 	C:\WINDOWS\System32\ucrtbase.dll
0x00007ffedfc60000 - 0x00007ffedfc77000 	c:\Users\79528\.vscode\extensions\redhat.java-1.31.0-win32-x64\jre\17.0.11-win32-x86_64\bin\jli.dll
0x00007ffeefd80000 - 0x00007ffeeff14000 	C:\WINDOWS\System32\USER32.dll
0x00007ffee7370000 - 0x00007ffee738b000 	c:\Users\79528\.vscode\extensions\redhat.java-1.31.0-win32-x64\jre\17.0.11-win32-x86_64\bin\VCRUNTIME140.dll
0x00007ffedc240000 - 0x00007ffedc4c4000 	C:\WINDOWS\WinSxS\amd64_microsoft.windows.common-controls_6595b64144ccf1df_6.0.18362.1556_none_9e7e372fe45e41d5\COMCTL32.dll
0x00007ffeed160000 - 0x00007ffeed181000 	C:\WINDOWS\System32\win32u.dll
0x00007ffeee850000 - 0x00007ffeee8ee000 	C:\WINDOWS\System32\msvcrt.dll
0x00007ffeeedf0000 - 0x00007ffeeee16000 	C:\WINDOWS\System32\GDI32.dll
0x00007ffeee510000 - 0x00007ffeee846000 	C:\WINDOWS\System32\combase.dll
0x00007ffeed4e0000 - 0x00007ffeed678000 	C:\WINDOWS\System32\gdi32full.dll
0x00007ffeefb90000 - 0x00007ffeefcaf000 	C:\WINDOWS\System32\RPCRT4.dll
0x00007ffeeced0000 - 0x00007ffeecf6e000 	C:\WINDOWS\System32\msvcp_win.dll
0x00007ffeed070000 - 0x00007ffeed0f1000 	C:\WINDOWS\System32\bcryptPrimitives.dll
0x00007ffeee010000 - 0x00007ffeee03e000 	C:\WINDOWS\System32\IMM32.DLL
0x00007ffee8000000 - 0x00007ffee800c000 	c:\Users\79528\.vscode\extensions\redhat.java-1.31.0-win32-x64\jre\17.0.11-win32-x86_64\bin\vcruntime140_1.dll
0x00007ffeca0c0000 - 0x00007ffeca14d000 	c:\Users\79528\.vscode\extensions\redhat.java-1.31.0-win32-x64\jre\17.0.11-win32-x86_64\bin\msvcp140.dll
0x00007ffe83e40000 - 0x00007ffe84aa2000 	c:\Users\79528\.vscode\extensions\redhat.java-1.31.0-win32-x64\jre\17.0.11-win32-x86_64\bin\server\jvm.dll
0x00007ffeeec10000 - 0x00007ffeeecb3000 	C:\WINDOWS\System32\ADVAPI32.dll
0x00007ffeefa90000 - 0x00007ffeefb27000 	C:\WINDOWS\System32\sechost.dll
0x00007ffeece60000 - 0x00007ffeeceaa000 	C:\WINDOWS\System32\POWRPROF.dll
0x00007ffeece10000 - 0x00007ffeece20000 	C:\WINDOWS\System32\UMPDC.dll
0x00007ffed68e0000 - 0x00007ffed68e9000 	C:\WINDOWS\SYSTEM32\WSOCK32.dll
0x00007ffeef920000 - 0x00007ffeef98f000 	C:\WINDOWS\System32\WS2_32.dll
0x00007ffee31f0000 - 0x00007ffee31fa000 	C:\WINDOWS\SYSTEM32\VERSION.dll
0x00007ffee99b0000 - 0x00007ffee99d4000 	C:\WINDOWS\SYSTEM32\WINMM.dll
0x00007ffee9980000 - 0x00007ffee99ad000 	C:\WINDOWS\SYSTEM32\WINMMBASE.dll
0x00007ffeed470000 - 0x00007ffeed4ba000 	C:\WINDOWS\System32\cfgmgr32.dll
0x00007ffeece20000 - 0x00007ffeece31000 	C:\WINDOWS\System32\kernel.appcore.dll
0x00007ffee5220000 - 0x00007ffee522a000 	c:\Users\79528\.vscode\extensions\redhat.java-1.31.0-win32-x64\jre\17.0.11-win32-x86_64\bin\jimage.dll
0x00007ffedb1d0000 - 0x00007ffedb3c4000 	C:\WINDOWS\SYSTEM32\DBGHELP.DLL
0x00007ffedb0c0000 - 0x00007ffedb0ea000 	C:\WINDOWS\SYSTEM32\dbgcore.DLL
0x00007ffed9dc0000 - 0x00007ffed9de5000 	c:\Users\79528\.vscode\extensions\redhat.java-1.31.0-win32-x64\jre\17.0.11-win32-x86_64\bin\java.dll
0x00007ffedfa10000 - 0x00007ffedfa28000 	c:\Users\79528\.vscode\extensions\redhat.java-1.31.0-win32-x64\jre\17.0.11-win32-x86_64\bin\zip.dll
0x00007ffeef080000 - 0x00007ffeef767000 	C:\WINDOWS\System32\SHELL32.dll
0x00007ffeeefd0000 - 0x00007ffeef078000 	C:\WINDOWS\System32\shcore.dll
0x00007ffeed890000 - 0x00007ffeee00b000 	C:\WINDOWS\System32\windows.storage.dll
0x00007ffeeceb0000 - 0x00007ffeecece000 	C:\WINDOWS\System32\profapi.dll
0x00007ffeeecc0000 - 0x00007ffeeed12000 	C:\WINDOWS\System32\shlwapi.dll
0x00007ffeed4c0000 - 0x00007ffeed4d7000 	C:\WINDOWS\System32\cryptsp.dll
0x00007ffedd530000 - 0x00007ffedd549000 	C:\Users\79528\.vscode\extensions\redhat.java-1.31.0-win32-x64\jre\17.0.11-win32-x86_64\bin\net.dll
0x00007ffee4330000 - 0x00007ffee442a000 	C:\WINDOWS\SYSTEM32\WINHTTP.dll
0x00007ffeec510000 - 0x00007ffeec577000 	C:\WINDOWS\system32\mswsock.dll
0x00007ffedd380000 - 0x00007ffedd396000 	C:\Users\79528\.vscode\extensions\redhat.java-1.31.0-win32-x64\jre\17.0.11-win32-x86_64\bin\nio.dll
0x00007ffedfb30000 - 0x00007ffedfb40000 	c:\Users\79528\.vscode\extensions\redhat.java-1.31.0-win32-x64\jre\17.0.11-win32-x86_64\bin\verify.dll
0x00007ffeec0a0000 - 0x00007ffeec0d3000 	C:\WINDOWS\system32\rsaenh.dll
0x00007ffeed190000 - 0x00007ffeed1b6000 	C:\WINDOWS\System32\bcrypt.dll
0x00007ffeecca0000 - 0x00007ffeeccc5000 	C:\WINDOWS\SYSTEM32\USERENV.dll
0x00007ffeec690000 - 0x00007ffeec69c000 	C:\WINDOWS\SYSTEM32\CRYPTBASE.dll
0x00007ffeec230000 - 0x00007ffeec26a000 	C:\WINDOWS\SYSTEM32\IPHLPAPI.DLL
0x00007ffeeed20000 - 0x00007ffeeed28000 	C:\WINDOWS\System32\NSI.dll
0x00007ffee5ba0000 - 0x00007ffee5bb6000 	C:\WINDOWS\SYSTEM32\dhcpcsvc6.DLL
0x00007ffee5b80000 - 0x00007ffee5b9c000 	C:\WINDOWS\SYSTEM32\dhcpcsvc.DLL
0x00007ffeec270000 - 0x00007ffeec33b000 	C:\WINDOWS\SYSTEM32\DNSAPI.dll
0x00007ffedfae0000 - 0x00007ffedfae9000 	C:\Users\79528\.vscode\extensions\redhat.java-1.31.0-win32-x64\jre\17.0.11-win32-x86_64\bin\management.dll
0x00007ffedbef0000 - 0x00007ffedbefb000 	C:\Users\79528\.vscode\extensions\redhat.java-1.31.0-win32-x64\jre\17.0.11-win32-x86_64\bin\management_ext.dll
0x00007ffeefa00000 - 0x00007ffeefa08000 	C:\WINDOWS\System32\PSAPI.DLL
0x00007ffed9d80000 - 0x00007ffed9d8e000 	C:\Users\79528\.vscode\extensions\redhat.java-1.31.0-win32-x64\jre\17.0.11-win32-x86_64\bin\sunmscapi.dll
0x00007ffeed680000 - 0x00007ffeed7d1000 	C:\WINDOWS\System32\CRYPT32.dll
0x00007ffeece40000 - 0x00007ffeece52000 	C:\WINDOWS\System32\MSASN1.dll
0x00007ffeec7a0000 - 0x00007ffeec7c6000 	C:\WINDOWS\SYSTEM32\ncrypt.dll
0x00007ffeec760000 - 0x00007ffeec79b000 	C:\WINDOWS\SYSTEM32\NTASN1.dll
0x00007ffee1610000 - 0x00007ffee161a000 	C:\Windows\System32\rasadhlp.dll
0x00007ffee5600000 - 0x00007ffee5677000 	C:\WINDOWS\System32\fwpuclnt.dll
0x00007ffed9d90000 - 0x00007ffed9d99000 	C:\Users\79528\.vscode\extensions\redhat.java-1.31.0-win32-x64\jre\17.0.11-win32-x86_64\bin\extnet.dll

dbghelp: loaded successfully - version: 4.0.5 - missing functions: none
symbol engine: initialized successfully - sym options: 0x614 - pdb path: .;c:\Users\79528\.vscode\extensions\redhat.java-1.31.0-win32-x64\jre\17.0.11-win32-x86_64\bin;C:\WINDOWS\SYSTEM32;C:\WINDOWS\WinSxS\amd64_microsoft.windows.common-controls_6595b64144ccf1df_6.0.18362.1556_none_9e7e372fe45e41d5;c:\Users\79528\.vscode\extensions\redhat.java-1.31.0-win32-x64\jre\17.0.11-win32-x86_64\bin\server

VM Arguments:
jvm_args: -Xmx1024m -Dsts.lsp.client=vscode -Dsts.log.file=/dev/null -XX:TieredStopAtLevel=1 -Xlog:jni+resolve=off -Dspring.config.location=file:c:\Users\79528\.vscode\extensions\vmware.vscode-spring-boot-1.55.0\language-server\BOOT-INF\classes\application.properties 
java_command: org.springframework.ide.vscode.boot.app.BootLanguageServerBootApp
java_class_path (initial): c:\Users\79528\.vscode\extensions\vmware.vscode-spring-boot-1.55.0\language-server\BOOT-INF\classes;c:\Users\79528\.vscode\extensions\vmware.vscode-spring-boot-1.55.0\language-server\BOOT-INF\lib\annotations-24.1.0.jar;c:\Users\79528\.vscode\extensions\vmware.vscode-spring-boot-1.55.0\language-server\BOOT-INF\lib\antlr4-runtime-4.13.1.jar;c:\Users\79528\.vscode\extensions\vmware.vscode-spring-boot-1.55.0\language-server\BOOT-INF\lib\asm-9.7.jar;c:\Users\79528\.vscode\extensions\vmware.vscode-spring-boot-1.55.0\language-server\BOOT-INF\lib\asm-analysis-9.7.jar;c:\Users\79528\.vscode\extensions\vmware.vscode-spring-boot-1.55.0\language-server\BOOT-INF\lib\asm-tree-9.7.jar;c:\Users\79528\.vscode\extensions\vmware.vscode-spring-boot-1.55.0\language-server\BOOT-INF\lib\asm-util-9.7.jar;c:\Users\79528\.vscode\extensions\vmware.vscode-spring-boot-1.55.0\language-server\BOOT-INF\lib\caffeine-3.1.8.jar;c:\Users\79528\.vscode\extensions\vmware.vscode-spring-boot-1.55.0\language-server\BOOT-INF\lib\checker-qual-3.12.0.jar;c:\Users\79528\.vscode\extensions\vmware.vscode-spring-boot-1.55.0\language-server\BOOT-INF\lib\classgraph-4.8.149.jar;c:\Users\79528\.vscode\extensions\vmware.vscode-spring-boot-1.55.0\language-server\BOOT-INF\lib\commons-codec-1.16.1.jar;c:\Users\79528\.vscode\extensions\vmware.vscode-spring-boot-1.55.0\language-server\BOOT-INF\lib\commons-compress-1.26.1.jar;c:\Users\79528\.vscode\extensions\vmware.vscode-spring-boot-1.55.0\language-server\BOOT-INF\lib\commons-io-2.16.1.jar;c:\Users\79528\.vscode\extensions\vmware.vscode-spring-boot-1.55.0\language-server\BOOT-INF\lib\commons-java-1.55.0-SNAPSHOT.jar;c:\Users\79528\.vscode\extensions\vmware.vscode-spring-boot-1.55.0\language-server\BOOT-INF\lib\commons-lang3-3.14.0.jar;c:\Users\79528\.vscode\extensions\vmware.vscode-spring-boot-1.55.0\language-server\BOOT-INF\lib\commons-language-server-1.55.0-SNAPSHOT.jar;c:\Users\79528\.vscode\extensions\vmware.vscode-spring-boot-1.55.0\langu
Launcher Type: SUN_STANDARD

[Global flags]
     intx CICompilerCount                          = 4                                         {product} {ergonomic}
     uint ConcGCThreads                            = 2                                         {product} {ergonomic}
     uint G1ConcRefinementThreads                  = 8                                         {product} {ergonomic}
   size_t G1HeapRegionSize                         = 1048576                                   {product} {ergonomic}
    uintx GCDrainStackTargetSize                   = 64                                        {product} {ergonomic}
   size_t InitialHeapSize                          = 100663296                                 {product} {ergonomic}
   size_t MarkStackSize                            = 4194304                                   {product} {ergonomic}
   size_t MaxHeapSize                              = 1073741824                                {product} {command line}
   size_t MaxNewSize                               = 643825664                                 {product} {ergonomic}
   size_t MinHeapDeltaBytes                        = 1048576                                   {product} {ergonomic}
   size_t MinHeapSize                              = 8388608                                   {product} {ergonomic}
    uintx NonProfiledCodeHeapSize                  = 0                                      {pd product} {ergonomic}
     bool ProfileInterpreter                       = false                                  {pd product} {command line}
    uintx ProfiledCodeHeapSize                     = 0                                      {pd product} {ergonomic}
   size_t SoftMaxHeapSize                          = 1073741824                             {manageable} {ergonomic}
     intx TieredStopAtLevel                        = 1                                         {product} {command line}
     bool UseCompressedClassPointers               = true                           {product lp64_product} {ergonomic}
     bool UseCompressedOops                        = true                           {product lp64_product} {ergonomic}
     bool UseG1GC                                  = true                                      {product} {ergonomic}
     bool UseLargePagesIndividualAllocation        = false                                  {pd product} {ergonomic}

Logging:
Log output configuration:
 #0: stdout all=warning,jni+resolve=off uptime,level,tags
 #1: stderr all=off uptime,level,tags

Environment Variables:
JAVA_HOME=C:\Program Files\Java\jdk-17.0.3
PATH=C:\Users\79528\AppData\Local\cloud-code\installer\google-cloud-sdk\bin;C:\Python312\Scripts\;C:\Python312\;C:\Python311\;C:\Program Files (x86)\Common Files\Intel\Shared Libraries\redist\intel64\compiler;C:\Program Files\Common Files\Oracle\Java\javapath;C:\Program Files (x86)\Common Files\Oracle\Java\javapath;C:\Oracle19c\db_home\bin;C:\WINDOWS\system32;C:\WINDOWS;C:\WINDOWS\System32\Wbem;C:\WINDOWS\System32\WindowsPowerShell\v1.0\;C:\WINDOWS\System32\OpenSSH\;C:\Program Files\Common Files\Autodesk Shared\;C:\Program Files\Git\cmd;C:\ProgramData\chocolatey\bin;C:\Users\79528\AppData\Local\Programs\Python\Python310\Scripts\;C:\Users\79528\AppData\Local\Programs\Python\Python310\;C:\Program Files\MySQL\MySQL Shell 8.0\bin\;C:\Users\79528\AppData\Local\Microsoft\WindowsApps;C:\Users\79528\AppData\Local\GitHubDesktop\bin;C:\Users\79528\AppData\Roaming\npm;C:\adb;C:\PHP8;C:\Program Files\Docker\Docker\resources\bin;C:\Program Files\Calibre2\;C:\Program Files\Tools;C:\Program Files\WezTerm;C:\kubectl;C:\Program Files\Cloudflare\Cloudflare WARP\;C:\Program Files (x86)\AOMEI\AOMEI Backupper\7.2.1;C:\Program Files\nodejs\;C:\Users\79528\AppData\Local\Programs\Microsoft VS Code\bin;C:\Users\79528\AppData\Local\JetBrains\Toolbox\scripts;C:\Users\79528\AppData\Local\Google\Cloud SDK\google-cloud-sdk\bin;C:\Program Files (x86)\Google\Cloud SDK\google-cloud-sdk\bin;C:\Program Files\Google\Cloud SDK\google-cloud-sdk\bin
USERNAME=Bertolt Winterhalter
OS=Windows_NT
PROCESSOR_IDENTIFIER=AMD64 Family 23 Model 24 Stepping 1, AuthenticAMD
TMP=C:\Users\79528\AppData\Local\Temp
TEMP=C:\Users\79528\AppData\Local\Temp



Periodic native trim disabled


---------------  S Y S T E M  ---------------

OS:
 Windows 10 , 64 bit Build 18362 (10.0.18362.1500)
OS uptime: 9 days 8:45 hours
Hyper-V role detected

CPU: total 8 (initial active 8) (8 cores per cpu, 2 threads per core) family 23 model 24 stepping 1 microcode 0x0, cx8, cmov, fxsr, ht, mmx, 3dnowpref, sse, sse2, sse3, ssse3, sse4a, sse4.1, sse4.2, popcnt, lzcnt, tsc, tscinvbit, avx, avx2, aes, clmul, bmi1, bmi2, adx, sha, fma, vzeroupper, clflush, clflushopt, hv
Processor Information for all 8 processors :
  Max Mhz: 2100, Current Mhz: 2100, Mhz Limit: 2100

Memory: 4k page, system-wide physical 6091M (390M free)
TotalPageFile size 24523M (AvailPageFile size 99M)
current process WorkingSet (physical memory assigned to process): 45M, peak: 182M
current process commit charge ("private bytes"): 235M, peak: 249M

vm_info: OpenJDK 64-Bit Server VM (17.0.11+9) for windows-amd64 JRE (17.0.11+9), built on Apr 17 2024 06:07:48 by "admin" with MS VC++ 16.10 / 16.11 (VS2019)

END.
