#
# There is insufficient memory for the Java Runtime Environment to continue.
# Native memory allocation (malloc) failed to allocate 2097152 bytes. Error detail: AllocateHeap
# Possible reasons:
#   The system is out of physical RAM or swap space
#   This process is running with CompressedOops enabled, and the Java Heap may be blocking the growth of the native heap
# Possible solutions:
#   Reduce memory load on the system
#   Increase physical memory or swap space
#   Check if swap backing store is full
#   Decrease Java heap size (-Xmx/-Xms)
#   Decrease number of Java threads
#   Decrease Java thread stack sizes (-Xss)
#   Set larger code cache with -XX:ReservedCodeCacheSize=
#   JVM is running with Unscaled Compressed Oops mode in which the Java heap is
#     placed in the first 4GB address space. The Java Heap base address is the
#     maximum limit for the native heap growth. Please use -XX:HeapBaseMinAddress
#     to set the Java Heap base and to place the Java Heap above 4GB virtual address.
# This output file may be truncated or incomplete.
#
#  Out of Memory Error (allocation.cpp:44), pid=31552, tid=18832
#
# JRE version: OpenJDK Runtime Environment Temurin-17.0.11+9 (17.0.11+9) (build 17.0.11+9)
# Java VM: OpenJDK 64-Bit Server VM Temurin-17.0.11+9 (17.0.11+9, mixed mode, emulated-client, tiered, compressed oops, compressed class ptrs, g1 gc, windows-amd64)
# No core dump will be written. Minidumps are not enabled by default on client versions of Windows
#

---------------  S U M M A R Y ------------

Command Line: -Xmx1024m -Dsts.lsp.client=vscode -Dsts.log.file=/dev/null -XX:TieredStopAtLevel=1 -Xlog:jni+resolve=off -Dspring.config.location=file:c:\Users\79528\.vscode\extensions\vmware.vscode-spring-boot-1.55.0\language-server\BOOT-INF\classes\application.properties org.springframework.ide.vscode.boot.app.BootLanguageServerBootApp

Host: AMD Ryzen 5 3500U with Radeon Vega Mobile Gfx  , 8 cores, 5G,  Windows 10 , 64 bit Build 18362 (10.0.18362.1500)
Time: Thu Jun 13 00:30:37 2024 Russia TZ 2 Standard Time elapsed time: 3030.927768 seconds (0d 0h 50m 30s)

---------------  T H R E A D  ---------------

Current thread (0x000001d3d434a840):  VMThread "VM Thread" [stack: 0x000000a127c00000,0x000000a127d00000] [id=18832]

Stack: [0x000000a127c00000,0x000000a127d00000]
Native frames: (J=compiled Java code, j=interpreted, Vv=VM code, C=native code)
V  [jvm.dll+0x67d429]
V  [jvm.dll+0x834b7a]
V  [jvm.dll+0x83663e]
V  [jvm.dll+0x836ca3]
V  [jvm.dll+0x247dbf]
V  [jvm.dll+0xa6cb3]
V  [jvm.dll+0x2f8b61]
V  [jvm.dll+0x2f4750]
V  [jvm.dll+0x2dcf67]
V  [jvm.dll+0x31fb67]
V  [jvm.dll+0x83b19b]
V  [jvm.dll+0x83bed2]
V  [jvm.dll+0x83c3ed]
V  [jvm.dll+0x83c7c4]
V  [jvm.dll+0x83c890]
V  [jvm.dll+0x7e410a]
V  [jvm.dll+0x67c315]
C  [ucrtbase.dll+0x210b2]
C  [KERNEL32.DLL+0x17c24]
C  [ntdll.dll+0x6d721]

VM_Operation (0x000000a1293fefb0): G1CollectFull, mode: safepoint, requested by thread 0x000001d3da3d4050


---------------  P R O C E S S  ---------------

Threads class SMR info:
_java_thread_list=0x000001d3d462dd20, length=27, elements={
0x000001d3d435e390, 0x000001d3d435f120, 0x000001d3d437e6b0, 0x000001d3d439af50,
0x000001d3d439b820, 0x000001d3d439e100, 0x000001d3d439e9d0, 0x000001d3d44a0470,
0x000001d3d46c5000, 0x000001d3d46c7940, 0x000001d3da3f2080, 0x000001d3da3d4050,
0x000001d3da406020, 0x000001d3c748eaa0, 0x000001d3da4551d0, 0x000001d3da499520,
0x000001d3da354060, 0x000001d3da354570, 0x000001d3da354f90, 0x000001d3da354a80,
0x000001d3da3554a0, 0x000001d3da888160, 0x000001d3da8849b0, 0x000001d3da885df0,
0x000001d3da886810, 0x000001d3da886300, 0x000001d3da883a80
}

Java Threads: ( => current thread )
  0x000001d3d435e390 JavaThread "Reference Handler" daemon [_thread_blocked, id=15580, stack(0x000000a127d00000,0x000000a127e00000)]
  0x000001d3d435f120 JavaThread "Finalizer" daemon [_thread_blocked, id=13620, stack(0x000000a127e00000,0x000000a127f00000)]
  0x000001d3d437e6b0 JavaThread "Signal Dispatcher" daemon [_thread_blocked, id=29936, stack(0x000000a127f00000,0x000000a128000000)]
  0x000001d3d439af50 JavaThread "Attach Listener" daemon [_thread_blocked, id=27560, stack(0x000000a128000000,0x000000a128100000)]
  0x000001d3d439b820 JavaThread "Service Thread" daemon [_thread_blocked, id=15752, stack(0x000000a128100000,0x000000a128200000)]
  0x000001d3d439e100 JavaThread "Monitor Deflation Thread" daemon [_thread_blocked, id=24680, stack(0x000000a128200000,0x000000a128300000)]
  0x000001d3d439e9d0 JavaThread "C1 CompilerThread0" daemon [_thread_blocked, id=10216, stack(0x000000a128300000,0x000000a128400000)]
  0x000001d3d44a0470 JavaThread "Sweeper thread" daemon [_thread_blocked, id=20684, stack(0x000000a128400000,0x000000a128500000)]
  0x000001d3d46c5000 JavaThread "Notification Thread" daemon [_thread_blocked, id=11344, stack(0x000000a128500000,0x000000a128600000)]
  0x000001d3d46c7940 JavaThread "Common-Cleaner" daemon [_thread_blocked, id=15816, stack(0x000000a128700000,0x000000a128800000)]
  0x000001d3da3f2080 JavaThread "boundedElastic-evictor-1" daemon [_thread_blocked, id=26600, stack(0x000000a128e00000,0x000000a128f00000)]
  0x000001d3da3d4050 JavaThread "pool-13-thread-1" [_thread_blocked, id=10000, stack(0x000000a129300000,0x000000a129400000)]
  0x000001d3da406020 JavaThread "LanguageServerApp-lifecycle" [_thread_blocked, id=30372, stack(0x000000a129400000,0x000000a129500000)]
  0x000001d3c748eaa0 JavaThread "DestroyJavaVM" [_thread_blocked, id=10788, stack(0x000000a127600000,0x000000a127700000)]
  0x000001d3da4551d0 JavaThread "pool-14-thread-1" [_thread_in_native, id=11992, stack(0x000000a129500000,0x000000a129600000)]
  0x000001d3da499520 JavaThread "Simple-Language-Server main thread" daemon [_thread_blocked, id=15100, stack(0x000000a129600000,0x000000a129700000)]
  0x000001d3da354060 JavaThread "pool-6-thread-1" [_thread_blocked, id=29008, stack(0x000000a129900000,0x000000a129a00000)]
  0x000001d3da354570 JavaThread "parallel-1" daemon [_thread_blocked, id=30320, stack(0x000000a129a00000,0x000000a129b00000)]
  0x000001d3da354f90 JavaThread "parallel-2" daemon [_thread_blocked, id=20640, stack(0x000000a129b00000,0x000000a129c00000)]
  0x000001d3da354a80 JavaThread "pool-8-thread-1" [_thread_blocked, id=10920, stack(0x000000a127400000,0x000000a127500000)]
  0x000001d3da3554a0 JavaThread "parallel-3" daemon [_thread_blocked, id=30360, stack(0x000000a127500000,0x000000a127600000)]
  0x000001d3da888160 JavaThread "Reconciler-1" daemon [_thread_blocked, id=13228, stack(0x000000a12a200000,0x000000a12a300000)]
  0x000001d3da8849b0 JavaThread "parallel-4" daemon [_thread_blocked, id=28676, stack(0x000000a12a400000,0x000000a12a500000)]
  0x000001d3da885df0 JavaThread "parallel-5" daemon [_thread_blocked, id=21256, stack(0x000000a12a700000,0x000000a12a800000)]
  0x000001d3da886810 JavaThread "parallel-6" daemon [_thread_blocked, id=16520, stack(0x000000a129c00000,0x000000a129d00000)]
  0x000001d3da886300 JavaThread "parallel-7" daemon [_thread_blocked, id=9024, stack(0x000000a129d00000,0x000000a129e00000)]
  0x000001d3da883a80 JavaThread "parallel-8" daemon [_thread_blocked, id=7216, stack(0x000000a129800000,0x000000a129900000)]

Other Threads:
=>0x000001d3d434a840 VMThread "VM Thread" [stack: 0x000000a127c00000,0x000000a127d00000] [id=18832]
  0x000001d3d46c54e0 WatcherThread [stack: 0x000000a128600000,0x000000a128700000] [id=19452]
  0x000001d3c95cab50 GCTaskThread "GC Thread#0" [stack: 0x000000a127700000,0x000000a127800000] [id=10232]
  0x000001d3d985c210 GCTaskThread "GC Thread#1" [stack: 0x000000a128900000,0x000000a128a00000] [id=13244]
  0x000001d3d98691c0 GCTaskThread "GC Thread#2" [stack: 0x000000a128a00000,0x000000a128b00000] [id=1184]
  0x000001d3d9869480 GCTaskThread "GC Thread#3" [stack: 0x000000a128b00000,0x000000a128c00000] [id=30796]
  0x000001d3d97b3ad0 GCTaskThread "GC Thread#4" [stack: 0x000000a128c00000,0x000000a128d00000] [id=31344]
  0x000001d3d95e3c60 GCTaskThread "GC Thread#5" [stack: 0x000000a128d00000,0x000000a128e00000] [id=13764]
  0x000001d3d9c70010 GCTaskThread "GC Thread#6" [stack: 0x000000a128f00000,0x000000a129000000] [id=29900]
  0x000001d3d9c702d0 GCTaskThread "GC Thread#7" [stack: 0x000000a129000000,0x000000a129100000] [id=12664]
  0x000001d3c95d39b0 ConcurrentGCThread "G1 Main Marker" [stack: 0x000000a127800000,0x000000a127900000] [id=14096]
  0x000001d3c95d42e0 ConcurrentGCThread "G1 Conc#0" [stack: 0x000000a127900000,0x000000a127a00000] [id=11148]
  0x000001d3d9d11030 ConcurrentGCThread "G1 Conc#1" [stack: 0x000000a129100000,0x000000a129200000] [id=21576]
  0x000001d3d41c00a0 ConcurrentGCThread "G1 Refine#0" [stack: 0x000000a127a00000,0x000000a127b00000] [id=15296]
  0x000001d3d41c09e0 ConcurrentGCThread "G1 Service" [stack: 0x000000a127b00000,0x000000a127c00000] [id=6392]

Threads with active compile tasks:

VM state: at safepoint (normal execution)

VM Mutex/Monitor currently owned by a thread:  ([mutex/lock_event])
[0x000001d3c73d56b0] Threads_lock - owner thread: 0x000001d3d434a840
[0x000001d3c73d1a00] Heap_lock - owner thread: 0x000001d3da3d4050

Heap address: 0x00000000c0000000, size: 1024 MB, Compressed Oops mode: 32-bit

CDS archive(s) not mapped
Compressed class space mapped at: 0x0000000100000000-0x0000000140000000, reserved size: 1073741824
Narrow klass base: 0x0000000000000000, Narrow klass shift: 3, Narrow klass range: 0x140000000

GC Precious Log:
 CPUs: 8 total, 8 available
 Memory: 6091M
 Large Page Support: Disabled
 NUMA Support: Disabled
 Compressed Oops: Enabled (32-bit)
 Heap Region Size: 1M
 Heap Min Capacity: 8M
 Heap Initial Capacity: 96M
 Heap Max Capacity: 1G
 Pre-touch: Disabled
 Parallel Workers: 8
 Concurrent Workers: 2
 Concurrent Refinement Workers: 8
 Periodic GC: Disabled

Heap:
 garbage-first heap   total 78848K, used 37699K [0x00000000c0000000, 0x0000000100000000)
  region size 1024K, 1 young (1024K), 0 survivors (0K)
 Metaspace       used 59309K, committed 59712K, reserved 1114112K
  class space    used 7370K, committed 7552K, reserved 1048576K

Heap Regions: E=young(eden), S=young(survivor), O=old, HS=humongous(starts), HC=humongous(continues), CS=collection set, F=free, OA=open archive, CA=closed archive, TAMS=top-at-mark-start (previous, next)
|   0|0x00000000c0000000, 0x00000000c0100000, 0x00000000c0100000|100%|HS|  |TAMS 0x00000000c0100000, 0x00000000c0000000| Untracked 
|   1|0x00000000c0100000, 0x00000000c0200000, 0x00000000c0200000|100%|HC|  |TAMS 0x00000000c0200000, 0x00000000c0100000| Untracked 
|   2|0x00000000c0200000, 0x00000000c0300000, 0x00000000c0300000|100%|HC|  |TAMS 0x00000000c0300000, 0x00000000c0200000| Untracked 
|   3|0x00000000c0300000, 0x00000000c0400000, 0x00000000c0400000|100%|HC|  |TAMS 0x00000000c0400000, 0x00000000c0300000| Untracked 
|   4|0x00000000c0400000, 0x00000000c0500000, 0x00000000c0500000|100%|HS|  |TAMS 0x00000000c0500000, 0x00000000c0400000| Untracked 
|   5|0x00000000c0500000, 0x00000000c0600000, 0x00000000c0600000|100%|HC|  |TAMS 0x00000000c0600000, 0x00000000c0500000| Untracked 
|   6|0x00000000c0600000, 0x00000000c0700000, 0x00000000c0700000|100%| O|  |TAMS 0x00000000c0700000, 0x00000000c0600000| Untracked 
|   7|0x00000000c0700000, 0x00000000c07fffc0, 0x00000000c0800000| 99%| O|  |TAMS 0x00000000c07fffc0, 0x00000000c0700000| Untracked 
|   8|0x00000000c0800000, 0x00000000c08ffff0, 0x00000000c0900000| 99%| O|  |TAMS 0x00000000c08ffff0, 0x00000000c0800000| Untracked 
|   9|0x00000000c0900000, 0x00000000c0a00000, 0x00000000c0a00000|100%| O|  |TAMS 0x00000000c0a00000, 0x00000000c0900000| Untracked 
|  10|0x00000000c0a00000, 0x00000000c0afda88, 0x00000000c0b00000| 99%| O|  |TAMS 0x00000000c0afda88, 0x00000000c0a00000| Untracked 
|  11|0x00000000c0b00000, 0x00000000c0c00000, 0x00000000c0c00000|100%| O|  |TAMS 0x00000000c0c00000, 0x00000000c0b00000| Untracked 
|  12|0x00000000c0c00000, 0x00000000c0cffff0, 0x00000000c0d00000| 99%| O|  |TAMS 0x00000000c0cffff0, 0x00000000c0c00000| Untracked 
|  13|0x00000000c0d00000, 0x00000000c0e00000, 0x00000000c0e00000|100%| O|  |TAMS 0x00000000c0e00000, 0x00000000c0d00000| Untracked 
|  14|0x00000000c0e00000, 0x00000000c0eff9a8, 0x00000000c0f00000| 99%| O|  |TAMS 0x00000000c0eff9a8, 0x00000000c0e00000| Untracked 
|  15|0x00000000c0f00000, 0x00000000c0fffff0, 0x00000000c1000000| 99%| O|  |TAMS 0x00000000c0fffff0, 0x00000000c0f00000| Untracked 
|  16|0x00000000c1000000, 0x00000000c10fffc8, 0x00000000c1100000| 99%| O|  |TAMS 0x00000000c10fffc8, 0x00000000c1000000| Untracked 
|  17|0x00000000c1100000, 0x00000000c11fffe8, 0x00000000c1200000| 99%| O|  |TAMS 0x00000000c11fffe8, 0x00000000c1100000| Untracked 
|  18|0x00000000c1200000, 0x00000000c12ffff8, 0x00000000c1300000| 99%| O|  |TAMS 0x00000000c12ffff8, 0x00000000c1200000| Untracked 
|  19|0x00000000c1300000, 0x00000000c13ffff8, 0x00000000c1400000| 99%| O|  |TAMS 0x00000000c13ffff8, 0x00000000c1300000| Untracked 
|  20|0x00000000c1400000, 0x00000000c14ffea0, 0x00000000c1500000| 99%| O|  |TAMS 0x00000000c14ffea0, 0x00000000c1400000| Untracked 
|  21|0x00000000c1500000, 0x00000000c15ffff0, 0x00000000c1600000| 99%| O|  |TAMS 0x00000000c15ffff0, 0x00000000c1500000| Untracked 
|  22|0x00000000c1600000, 0x00000000c16fffe0, 0x00000000c1700000| 99%| O|  |TAMS 0x00000000c16fffe0, 0x00000000c1600000| Untracked 
|  23|0x00000000c1700000, 0x00000000c17ffff0, 0x00000000c1800000| 99%| O|  |TAMS 0x00000000c17ffff0, 0x00000000c1700000| Untracked 
|  24|0x00000000c1800000, 0x00000000c18ff840, 0x00000000c1900000| 99%| O|  |TAMS 0x00000000c18ff840, 0x00000000c1800000| Untracked 
|  25|0x00000000c1900000, 0x00000000c19ffff0, 0x00000000c1a00000| 99%| O|  |TAMS 0x00000000c19ffff0, 0x00000000c1900000| Untracked 
|  26|0x00000000c1a00000, 0x00000000c1afe690, 0x00000000c1b00000| 99%| O|  |TAMS 0x00000000c1afe690, 0x00000000c1a00000| Untracked 
|  27|0x00000000c1b00000, 0x00000000c1bfebd8, 0x00000000c1c00000| 99%| O|  |TAMS 0x00000000c1bfebd8, 0x00000000c1b00000| Untracked 
|  28|0x00000000c1c00000, 0x00000000c1cf8750, 0x00000000c1d00000| 97%| O|  |TAMS 0x00000000c1cf8750, 0x00000000c1c00000| Untracked 
|  29|0x00000000c1d00000, 0x00000000c1dfa7a8, 0x00000000c1e00000| 97%| O|  |TAMS 0x00000000c1dfa7a8, 0x00000000c1d00000| Untracked 
|  30|0x00000000c1e00000, 0x00000000c1efffe8, 0x00000000c1f00000| 99%| O|  |TAMS 0x00000000c1efffe8, 0x00000000c1e00000| Untracked 
|  31|0x00000000c1f00000, 0x00000000c1ffd550, 0x00000000c2000000| 98%| O|  |TAMS 0x00000000c1ffd550, 0x00000000c1f00000| Untracked 
|  32|0x00000000c2000000, 0x00000000c20fe7b8, 0x00000000c2100000| 99%| O|  |TAMS 0x00000000c20fe7b8, 0x00000000c2000000| Untracked 
|  33|0x00000000c2100000, 0x00000000c2200000, 0x00000000c2200000|100%| O|  |TAMS 0x00000000c2200000, 0x00000000c2100000| Untracked 
|  34|0x00000000c2200000, 0x00000000c22ff950, 0x00000000c2300000| 99%| O|  |TAMS 0x00000000c22ff950, 0x00000000c2200000| Untracked 
|  35|0x00000000c2300000, 0x00000000c23e8a08, 0x00000000c2400000| 90%| O|  |TAMS 0x00000000c2300000, 0x00000000c2300000| Untracked 
|  36|0x00000000c2400000, 0x00000000c2400160, 0x00000000c2500000|  0%| O|  |TAMS 0x00000000c2400000, 0x00000000c2400000| Untracked 
|  37|0x00000000c2500000, 0x00000000c2500000, 0x00000000c2600000|  0%| F|  |TAMS 0x00000000c2500000, 0x00000000c2500000| Untracked 
|  38|0x00000000c2600000, 0x00000000c2600000, 0x00000000c2700000|  0%| F|  |TAMS 0x00000000c2600000, 0x00000000c2600000| Untracked 
|  39|0x00000000c2700000, 0x00000000c2700000, 0x00000000c2800000|  0%| F|  |TAMS 0x00000000c2700000, 0x00000000c2700000| Untracked 
|  40|0x00000000c2800000, 0x00000000c2900000, 0x00000000c2900000|100%|HS|  |TAMS 0x00000000c2900000, 0x00000000c2800000| Untracked 
|  41|0x00000000c2900000, 0x00000000c2900000, 0x00000000c2a00000|  0%| F|  |TAMS 0x00000000c2900000, 0x00000000c2900000| Untracked 
|  42|0x00000000c2a00000, 0x00000000c2a00000, 0x00000000c2b00000|  0%| F|  |TAMS 0x00000000c2a00000, 0x00000000c2a00000| Untracked 
|  43|0x00000000c2b00000, 0x00000000c2b00000, 0x00000000c2c00000|  0%| F|  |TAMS 0x00000000c2b00000, 0x00000000c2b00000| Untracked 
|  44|0x00000000c2c00000, 0x00000000c2c00000, 0x00000000c2d00000|  0%| F|  |TAMS 0x00000000c2c00000, 0x00000000c2c00000| Untracked 
|  45|0x00000000c2d00000, 0x00000000c2d00000, 0x00000000c2e00000|  0%| F|  |TAMS 0x00000000c2d00000, 0x00000000c2d00000| Untracked 
|  46|0x00000000c2e00000, 0x00000000c2e00000, 0x00000000c2f00000|  0%| F|  |TAMS 0x00000000c2e00000, 0x00000000c2e00000| Untracked 
|  47|0x00000000c2f00000, 0x00000000c2f00000, 0x00000000c3000000|  0%| F|  |TAMS 0x00000000c2f00000, 0x00000000c2f00000| Untracked 
|  48|0x00000000c3000000, 0x00000000c3000000, 0x00000000c3100000|  0%| F|  |TAMS 0x00000000c3000000, 0x00000000c3000000| Untracked 
|  49|0x00000000c3100000, 0x00000000c3100000, 0x00000000c3200000|  0%| F|  |TAMS 0x00000000c3100000, 0x00000000c3100000| Untracked 
|  50|0x00000000c3200000, 0x00000000c3200000, 0x00000000c3300000|  0%| F|  |TAMS 0x00000000c3200000, 0x00000000c3200000| Untracked 
|  51|0x00000000c3300000, 0x00000000c3300000, 0x00000000c3400000|  0%| F|  |TAMS 0x00000000c3300000, 0x00000000c3300000| Untracked 
|  52|0x00000000c3400000, 0x00000000c3400000, 0x00000000c3500000|  0%| F|  |TAMS 0x00000000c3400000, 0x00000000c3400000| Untracked 
|  53|0x00000000c3500000, 0x00000000c3500000, 0x00000000c3600000|  0%| F|  |TAMS 0x00000000c3500000, 0x00000000c3500000| Untracked 
|  54|0x00000000c3600000, 0x00000000c3600000, 0x00000000c3700000|  0%| F|  |TAMS 0x00000000c3600000, 0x00000000c3600000| Untracked 
|  55|0x00000000c3700000, 0x00000000c3700000, 0x00000000c3800000|  0%| F|  |TAMS 0x00000000c3700000, 0x00000000c3700000| Untracked 
|  56|0x00000000c3800000, 0x00000000c3800000, 0x00000000c3900000|  0%| F|  |TAMS 0x00000000c3800000, 0x00000000c3800000| Untracked 
|  57|0x00000000c3900000, 0x00000000c3900000, 0x00000000c3a00000|  0%| F|  |TAMS 0x00000000c3900000, 0x00000000c3900000| Untracked 
|  58|0x00000000c3a00000, 0x00000000c3a00000, 0x00000000c3b00000|  0%| F|  |TAMS 0x00000000c3a00000, 0x00000000c3a00000| Untracked 
|  59|0x00000000c3b00000, 0x00000000c3b00000, 0x00000000c3c00000|  0%| F|  |TAMS 0x00000000c3b00000, 0x00000000c3b00000| Untracked 
|  60|0x00000000c3c00000, 0x00000000c3c00000, 0x00000000c3d00000|  0%| F|  |TAMS 0x00000000c3c00000, 0x00000000c3c00000| Untracked 
|  61|0x00000000c3d00000, 0x00000000c3d00000, 0x00000000c3e00000|  0%| F|  |TAMS 0x00000000c3d00000, 0x00000000c3d00000| Untracked 
|  62|0x00000000c3e00000, 0x00000000c3e00000, 0x00000000c3f00000|  0%| F|  |TAMS 0x00000000c3e00000, 0x00000000c3e00000| Untracked 
|  63|0x00000000c3f00000, 0x00000000c3f00000, 0x00000000c4000000|  0%| F|  |TAMS 0x00000000c3f00000, 0x00000000c3f00000| Untracked 
|  64|0x00000000c4000000, 0x00000000c4000000, 0x00000000c4100000|  0%| F|  |TAMS 0x00000000c4000000, 0x00000000c4000000| Untracked 
|  65|0x00000000c4100000, 0x00000000c4100000, 0x00000000c4200000|  0%| F|  |TAMS 0x00000000c4100000, 0x00000000c4100000| Untracked 
|  66|0x00000000c4200000, 0x00000000c4200000, 0x00000000c4300000|  0%| F|  |TAMS 0x00000000c4200000, 0x00000000c4200000| Untracked 
|  67|0x00000000c4300000, 0x00000000c4300000, 0x00000000c4400000|  0%| F|  |TAMS 0x00000000c4300000, 0x00000000c4300000| Untracked 
|  68|0x00000000c4400000, 0x00000000c4400000, 0x00000000c4500000|  0%| F|  |TAMS 0x00000000c4400000, 0x00000000c4400000| Untracked 
|  69|0x00000000c4500000, 0x00000000c4500000, 0x00000000c4600000|  0%| F|  |TAMS 0x00000000c4500000, 0x00000000c4500000| Untracked 
|  70|0x00000000c4600000, 0x00000000c4600000, 0x00000000c4700000|  0%| F|  |TAMS 0x00000000c4600000, 0x00000000c4600000| Untracked 
|  71|0x00000000c4700000, 0x00000000c4700000, 0x00000000c4800000|  0%| F|  |TAMS 0x00000000c4700000, 0x00000000c4700000| Untracked 
|  87|0x00000000c5700000, 0x00000000c5700000, 0x00000000c5800000|  0%| F|  |TAMS 0x00000000c5700000, 0x00000000c5700000| Untracked 
|  88|0x00000000c5800000, 0x00000000c5800000, 0x00000000c5900000|  0%| F|  |TAMS 0x00000000c5800000, 0x00000000c5800000| Untracked 
|  89|0x00000000c5900000, 0x00000000c5900000, 0x00000000c5a00000|  0%| F|  |TAMS 0x00000000c5900000, 0x00000000c5900000| Untracked 
|  90|0x00000000c5a00000, 0x00000000c5a00000, 0x00000000c5b00000|  0%| F|  |TAMS 0x00000000c5a00000, 0x00000000c5a00000| Untracked 
|  95|0x00000000c5f00000, 0x00000000c5f06f20, 0x00000000c6000000|  2%| E|  |TAMS 0x00000000c5f00000, 0x00000000c5f00000| Complete 

Card table byte_map: [0x000001d3cf520000,0x000001d3cf720000] _byte_map_base: 0x000001d3cef20000

Marking Bits (Prev, Next): (CMBitMap*) 0x000001d3c95cb080, (CMBitMap*) 0x000001d3c95cb0c0
 Prev Bits: [0x000001d3cf920000, 0x000001d3d0920000)
 Next Bits: [0x000001d3d0920000, 0x000001d3d1920000)

Polling page: 0x000001d3c7370000

Metaspace:

Usage:
  Non-class:     50.72 MB used.
      Class:      7.20 MB used.
       Both:     57.92 MB used.

Virtual space:
  Non-class space:       64.00 MB reserved,      50.94 MB ( 80%) committed,  1 nodes.
      Class space:        1.00 GB reserved,       7.38 MB ( <1%) committed,  1 nodes.
             Both:        1.06 GB reserved,      58.31 MB (  5%) committed. 

Chunk freelists:
   Non-Class:  12.22 MB
       Class:  8.53 MB
        Both:  20.75 MB

MaxMetaspaceSize: unlimited
CompressedClassSpaceSize: 1.00 GB
Initial GC threshold: 21.00 MB
Current GC threshold: 97.19 MB
CDS: off
MetaspaceReclaimPolicy: balanced
 - commit_granule_bytes: 65536.
 - commit_granule_words: 8192.
 - virtual_space_node_default_size: 8388608.
 - enlarge_chunks_in_place: 1.
 - new_chunks_are_fully_committed: 0.
 - uncommit_free_chunks: 1.
 - use_allocation_guard: 0.
 - handle_deallocations: 1.


Internal statistics:

num_allocs_failed_limit: 6.
num_arena_births: 756.
num_arena_deaths: 306.
num_vsnodes_births: 2.
num_vsnodes_deaths: 0.
num_space_committed: 933.
num_space_uncommitted: 0.
num_chunks_returned_to_freelist: 361.
num_chunks_taken_from_freelist: 2692.
num_chunk_merges: 119.
num_chunk_splits: 1800.
num_chunks_enlarged: 1395.
num_inconsistent_stats: 0.

CodeCache: size=49152Kb used=11876Kb max_used=12952Kb free=37275Kb
 bounds [0x000001d3cc210000, 0x000001d3ccec0000, 0x000001d3cf210000]
 total_blobs=7088 nmethods=6413 adapters=602
 compilation: enabled
              stopped_count=0, restarted_count=0
 full_count=0

Compilation events (20 events):
Event: 2581.277 Thread 0x000001d3d439e9d0 6406       1       java.util.concurrent.ConcurrentLinkedDeque::toArrayInternal (141 bytes)
Event: 2581.279 Thread 0x000001d3d439e9d0 nmethod 6406 0x000001d3cce94410 code [0x000001d3cce94600, 0x000001d3cce94cd8]
Event: 2581.279 Thread 0x000001d3d439e9d0 6403       1       reactor.core.scheduler.BoundedElasticScheduler$$Lambda$687/0x00000001004d1a48::run (8 bytes)
Event: 2581.279 Thread 0x000001d3d439e9d0 nmethod 6403 0x000001d3cce94110 code [0x000001d3cce942a0, 0x000001d3cce94388]
Event: 2581.279 Thread 0x000001d3d439e9d0 6405       1       java.util.concurrent.ConcurrentLinkedDeque::toArray (6 bytes)
Event: 2581.279 Thread 0x000001d3d439e9d0 nmethod 6405 0x000001d3cce93e10 code [0x000001d3cce93fa0, 0x000001d3cce94088]
Event: 2616.328 Thread 0x000001d3d439e9d0 6407       1       java.lang.String::getBytes (28 bytes)
Event: 2616.350 Thread 0x000001d3d439e9d0 nmethod 6407 0x000001d3cce93590 code [0x000001d3cce93780, 0x000001d3cce93b98]
Event: 2698.268 Thread 0x000001d3d439e9d0 6408       1       org.springframework.ide.vscode.commons.languageserver.util.ParentProcessWatcher::run (36 bytes)
Event: 2698.314 Thread 0x000001d3d439e9d0 nmethod 6408 0x000001d3cce92e10 code [0x000001d3cce93000, 0x000001d3cce93318]
Event: 2698.314 Thread 0x000001d3d439e9d0 6409   !   1       org.springframework.ide.vscode.commons.languageserver.util.ParentProcessWatcher::parentProcessStillRunning (413 bytes)
Event: 2698.379 Thread 0x000001d3d439e9d0 nmethod 6409 0x000001d3cce8d410 code [0x000001d3cce8dc40, 0x000001d3cce90e08]
Event: 2770.946 Thread 0x000001d3d439e9d0 6410       1       java.lang.ProcessImpl::createCommandLine (303 bytes)
Event: 2770.962 Thread 0x000001d3d439e9d0 nmethod 6410 0x000001d3cce8bf90 code [0x000001d3cce8c260, 0x000001d3cce8cb88]
Event: 2853.935 Thread 0x000001d3d439e9d0 6411       1       sun.security.action.GetPropertyAction::privilegedGetProperty (28 bytes)
Event: 2853.939 Thread 0x000001d3d439e9d0 nmethod 6411 0x000001d3cce8b610 code [0x000001d3cce8b820, 0x000001d3cce8bc98]
Event: 2864.230 Thread 0x000001d3d439e9d0 6412       1       java.lang.invoke.Invokers$Holder::linkToTargetMethod (9 bytes)
Event: 2864.231 Thread 0x000001d3d439e9d0 nmethod 6412 0x000001d3cce8b290 code [0x000001d3cce8b440, 0x000001d3cce8b558]
Event: 3009.865 Thread 0x000001d3d439e9d0 6415       1       java.io.FilterOutputStream::<init> (21 bytes)
Event: 3009.879 Thread 0x000001d3d439e9d0 nmethod 6415 0x000001d3cce8a610 code [0x000001d3cce8a7a0, 0x000001d3cce8a958]

GC Heap History (20 events):
Event: 2927.047 GC heap before
{Heap before GC invocations=263 (full 242):
 garbage-first heap   total 78848K, used 37699K [0x00000000c0000000, 0x0000000100000000)
  region size 1024K, 1 young (1024K), 0 survivors (0K)
 Metaspace       used 59309K, committed 59712K, reserved 1114112K
  class space    used 7370K, committed 7552K, reserved 1048576K
}
Event: 2927.095 GC heap after
{Heap after GC invocations=264 (full 243):
 garbage-first heap   total 78848K, used 37699K [0x00000000c0000000, 0x0000000100000000)
  region size 1024K, 0 young (0K), 0 survivors (0K)
 Metaspace       used 59309K, committed 59712K, reserved 1114112K
  class space    used 7370K, committed 7552K, reserved 1048576K
}
Event: 2937.400 GC heap before
{Heap before GC invocations=264 (full 243):
 garbage-first heap   total 78848K, used 37699K [0x00000000c0000000, 0x0000000100000000)
  region size 1024K, 1 young (1024K), 0 survivors (0K)
 Metaspace       used 59309K, committed 59712K, reserved 1114112K
  class space    used 7370K, committed 7552K, reserved 1048576K
}
Event: 2937.454 GC heap after
{Heap after GC invocations=265 (full 244):
 garbage-first heap   total 78848K, used 37699K [0x00000000c0000000, 0x0000000100000000)
  region size 1024K, 0 young (0K), 0 survivors (0K)
 Metaspace       used 59309K, committed 59712K, reserved 1114112K
  class space    used 7370K, committed 7552K, reserved 1048576K
}
Event: 2948.074 GC heap before
{Heap before GC invocations=265 (full 244):
 garbage-first heap   total 78848K, used 37699K [0x00000000c0000000, 0x0000000100000000)
  region size 1024K, 1 young (1024K), 0 survivors (0K)
 Metaspace       used 59309K, committed 59712K, reserved 1114112K
  class space    used 7370K, committed 7552K, reserved 1048576K
}
Event: 2948.137 GC heap after
{Heap after GC invocations=266 (full 245):
 garbage-first heap   total 78848K, used 37699K [0x00000000c0000000, 0x0000000100000000)
  region size 1024K, 0 young (0K), 0 survivors (0K)
 Metaspace       used 59309K, committed 59712K, reserved 1114112K
  class space    used 7370K, committed 7552K, reserved 1048576K
}
Event: 2958.430 GC heap before
{Heap before GC invocations=266 (full 245):
 garbage-first heap   total 78848K, used 37699K [0x00000000c0000000, 0x0000000100000000)
  region size 1024K, 1 young (1024K), 0 survivors (0K)
 Metaspace       used 59309K, committed 59712K, reserved 1114112K
  class space    used 7370K, committed 7552K, reserved 1048576K
}
Event: 2958.475 GC heap after
{Heap after GC invocations=267 (full 246):
 garbage-first heap   total 78848K, used 37699K [0x00000000c0000000, 0x0000000100000000)
  region size 1024K, 0 young (0K), 0 survivors (0K)
 Metaspace       used 59309K, committed 59712K, reserved 1114112K
  class space    used 7370K, committed 7552K, reserved 1048576K
}
Event: 2968.769 GC heap before
{Heap before GC invocations=267 (full 246):
 garbage-first heap   total 78848K, used 37699K [0x00000000c0000000, 0x0000000100000000)
  region size 1024K, 1 young (1024K), 0 survivors (0K)
 Metaspace       used 59309K, committed 59712K, reserved 1114112K
  class space    used 7370K, committed 7552K, reserved 1048576K
}
Event: 2968.827 GC heap after
{Heap after GC invocations=268 (full 247):
 garbage-first heap   total 78848K, used 37699K [0x00000000c0000000, 0x0000000100000000)
  region size 1024K, 0 young (0K), 0 survivors (0K)
 Metaspace       used 59309K, committed 59712K, reserved 1114112K
  class space    used 7370K, committed 7552K, reserved 1048576K
}
Event: 2979.114 GC heap before
{Heap before GC invocations=268 (full 247):
 garbage-first heap   total 78848K, used 37699K [0x00000000c0000000, 0x0000000100000000)
  region size 1024K, 1 young (1024K), 0 survivors (0K)
 Metaspace       used 59309K, committed 59712K, reserved 1114112K
  class space    used 7370K, committed 7552K, reserved 1048576K
}
Event: 2979.153 GC heap after
{Heap after GC invocations=269 (full 248):
 garbage-first heap   total 78848K, used 37699K [0x00000000c0000000, 0x0000000100000000)
  region size 1024K, 0 young (0K), 0 survivors (0K)
 Metaspace       used 59309K, committed 59712K, reserved 1114112K
  class space    used 7370K, committed 7552K, reserved 1048576K
}
Event: 2989.435 GC heap before
{Heap before GC invocations=269 (full 248):
 garbage-first heap   total 78848K, used 37699K [0x00000000c0000000, 0x0000000100000000)
  region size 1024K, 1 young (1024K), 0 survivors (0K)
 Metaspace       used 59309K, committed 59712K, reserved 1114112K
  class space    used 7370K, committed 7552K, reserved 1048576K
}
Event: 2989.477 GC heap after
{Heap after GC invocations=270 (full 249):
 garbage-first heap   total 78848K, used 37699K [0x00000000c0000000, 0x0000000100000000)
  region size 1024K, 0 young (0K), 0 survivors (0K)
 Metaspace       used 59309K, committed 59712K, reserved 1114112K
  class space    used 7370K, committed 7552K, reserved 1048576K
}
Event: 2999.790 GC heap before
{Heap before GC invocations=270 (full 249):
 garbage-first heap   total 78848K, used 37699K [0x00000000c0000000, 0x0000000100000000)
  region size 1024K, 1 young (1024K), 0 survivors (0K)
 Metaspace       used 59309K, committed 59712K, reserved 1114112K
  class space    used 7370K, committed 7552K, reserved 1048576K
}
Event: 2999.851 GC heap after
{Heap after GC invocations=271 (full 250):
 garbage-first heap   total 78848K, used 37699K [0x00000000c0000000, 0x0000000100000000)
  region size 1024K, 0 young (0K), 0 survivors (0K)
 Metaspace       used 59309K, committed 59712K, reserved 1114112K
  class space    used 7370K, committed 7552K, reserved 1048576K
}
Event: 3010.383 GC heap before
{Heap before GC invocations=271 (full 250):
 garbage-first heap   total 78848K, used 37699K [0x00000000c0000000, 0x0000000100000000)
  region size 1024K, 1 young (1024K), 0 survivors (0K)
 Metaspace       used 59309K, committed 59712K, reserved 1114112K
  class space    used 7370K, committed 7552K, reserved 1048576K
}
Event: 3010.471 GC heap after
{Heap after GC invocations=272 (full 251):
 garbage-first heap   total 78848K, used 37699K [0x00000000c0000000, 0x0000000100000000)
  region size 1024K, 0 young (0K), 0 survivors (0K)
 Metaspace       used 59309K, committed 59712K, reserved 1114112K
  class space    used 7370K, committed 7552K, reserved 1048576K
}
Event: 3020.753 GC heap before
{Heap before GC invocations=272 (full 251):
 garbage-first heap   total 78848K, used 37699K [0x00000000c0000000, 0x0000000100000000)
  region size 1024K, 1 young (1024K), 0 survivors (0K)
 Metaspace       used 59309K, committed 59712K, reserved 1114112K
  class space    used 7370K, committed 7552K, reserved 1048576K
}
Event: 3020.798 GC heap after
{Heap after GC invocations=273 (full 252):
 garbage-first heap   total 78848K, used 37699K [0x00000000c0000000, 0x0000000100000000)
  region size 1024K, 0 young (0K), 0 survivors (0K)
 Metaspace       used 59309K, committed 59712K, reserved 1114112K
  class space    used 7370K, committed 7552K, reserved 1048576K
}

Dll operation events (10 events):
Event: 0.049 Loaded shared library c:\Users\79528\.vscode\extensions\redhat.java-1.31.0-win32-x64\jre\17.0.11-win32-x86_64\bin\java.dll
Event: 2.917 Loaded shared library C:\Users\79528\.vscode\extensions\redhat.java-1.31.0-win32-x64\jre\17.0.11-win32-x86_64\bin\net.dll
Event: 2.923 Loaded shared library C:\Users\79528\.vscode\extensions\redhat.java-1.31.0-win32-x64\jre\17.0.11-win32-x86_64\bin\nio.dll
Event: 3.045 Loaded shared library C:\Users\79528\.vscode\extensions\redhat.java-1.31.0-win32-x64\jre\17.0.11-win32-x86_64\bin\zip.dll
Event: 5.040 Loaded shared library C:\Users\79528\.vscode\extensions\redhat.java-1.31.0-win32-x64\jre\17.0.11-win32-x86_64\bin\jimage.dll
Event: 15.233 Loaded shared library c:\Users\79528\.vscode\extensions\redhat.java-1.31.0-win32-x64\jre\17.0.11-win32-x86_64\bin\verify.dll
Event: 21.431 Loaded shared library C:\Users\79528\.vscode\extensions\redhat.java-1.31.0-win32-x64\jre\17.0.11-win32-x86_64\bin\management.dll
Event: 21.437 Loaded shared library C:\Users\79528\.vscode\extensions\redhat.java-1.31.0-win32-x64\jre\17.0.11-win32-x86_64\bin\management_ext.dll
Event: 23.409 Loaded shared library C:\Users\79528\.vscode\extensions\redhat.java-1.31.0-win32-x64\jre\17.0.11-win32-x86_64\bin\sunmscapi.dll
Event: 23.943 Loaded shared library C:\Users\79528\.vscode\extensions\redhat.java-1.31.0-win32-x64\jre\17.0.11-win32-x86_64\bin\extnet.dll

Deoptimization events (16 events):
Event: 22.171 Thread 0x000001d3da4551d0 DEOPT PACKING pc=0x000001d3cc6bbb81 sp=0x000000a1295fdac0
Event: 22.171 Thread 0x000001d3da4551d0 DEOPT UNPACKING pc=0x000001d3cc267143 sp=0x000000a1295fcf50 mode 3
Event: 22.197 Thread 0x000001d3da499520 DEOPT PACKING pc=0x000001d3cc69f017 sp=0x000000a1296fef50
Event: 22.197 Thread 0x000001d3da499520 DEOPT UNPACKING pc=0x000001d3cc267143 sp=0x000000a1296fe3a8 mode 3
Event: 23.571 Thread 0x000001d3da354a80 DEOPT PACKING pc=0x000001d3cc371a8c sp=0x000000a129cfad40
Event: 23.571 Thread 0x000001d3da354a80 DEOPT UNPACKING pc=0x000001d3cc267143 sp=0x000000a129cfa208 mode 0
Event: 742.222 Thread 0x000001d3da4551d0 DEOPT PACKING pc=0x000001d3cc81f7d4 sp=0x000000a1295fedc0
Event: 742.224 Thread 0x000001d3da4551d0 DEOPT UNPACKING pc=0x000001d3cc267143 sp=0x000000a1295fe268 mode 0
Event: 758.884 Thread 0x000001d3da887740 DEOPT PACKING pc=0x000001d3cc8f84a4 sp=0x000000a1292fecc0
Event: 758.884 Thread 0x000001d3da887740 DEOPT UNPACKING pc=0x000001d3cc267143 sp=0x000000a1292fe1a8 mode 0
Event: 758.895 Thread 0x000001d3da883a80 DEOPT PACKING pc=0x000001d3cc8f84a4 sp=0x000000a129dff260
Event: 758.895 Thread 0x000001d3da883a80 DEOPT UNPACKING pc=0x000001d3cc267143 sp=0x000000a129dfe748 mode 0
Event: 759.213 Thread 0x000001d3da8858e0 DEOPT PACKING pc=0x000001d3cc8f84a4 sp=0x000000a12a1fe610
Event: 759.213 Thread 0x000001d3da8858e0 DEOPT UNPACKING pc=0x000001d3cc267143 sp=0x000000a12a1fdaf8 mode 0
Event: 759.213 Thread 0x000001d3da8858e0 DEOPT PACKING pc=0x000001d3cc8f84a4 sp=0x000000a12a1febe0
Event: 759.214 Thread 0x000001d3da8858e0 DEOPT UNPACKING pc=0x000001d3cc267143 sp=0x000000a12a1fe0c8 mode 0

Classes unloaded (20 events):
Event: 830.959 Thread 0x000001d3d434a840 Unloading class 0x00000001006fac00 'java/lang/invoke/LambdaForm$MH+0x00000001006fac00'
Event: 830.959 Thread 0x000001d3d434a840 Unloading class 0x00000001006fa800 'java/lang/invoke/LambdaForm$MH+0x00000001006fa800'
Event: 830.959 Thread 0x000001d3d434a840 Unloading class 0x00000001006fa400 'java/lang/invoke/LambdaForm$MH+0x00000001006fa400'
Event: 830.959 Thread 0x000001d3d434a840 Unloading class 0x00000001006f9800 'java/lang/invoke/LambdaForm$MH+0x00000001006f9800'
Event: 830.959 Thread 0x000001d3d434a840 Unloading class 0x00000001006f9400 'java/lang/invoke/LambdaForm$MH+0x00000001006f9400'
Event: 830.959 Thread 0x000001d3d434a840 Unloading class 0x00000001006f8c00 'java/lang/invoke/LambdaForm$MH+0x00000001006f8c00'
Event: 830.959 Thread 0x000001d3d434a840 Unloading class 0x00000001006f8400 'java/lang/invoke/LambdaForm$MH+0x00000001006f8400'
Event: 830.959 Thread 0x000001d3d434a840 Unloading class 0x0000000100436000 'java/lang/invoke/LambdaForm$MH+0x0000000100436000'
Event: 830.959 Thread 0x000001d3d434a840 Unloading class 0x000000010048c400 'java/lang/invoke/LambdaForm$MH+0x000000010048c400'
Event: 830.959 Thread 0x000001d3d434a840 Unloading class 0x0000000100520400 'java/lang/invoke/LambdaForm$MH+0x0000000100520400'
Event: 830.959 Thread 0x000001d3d434a840 Unloading class 0x000000010054c000 'java/lang/invoke/LambdaForm$MH+0x000000010054c000'
Event: 830.959 Thread 0x000001d3d434a840 Unloading class 0x000000010055d000 'java/lang/invoke/LambdaForm$MH+0x000000010055d000'
Event: 830.959 Thread 0x000001d3d434a840 Unloading class 0x000000010055d800 'java/lang/invoke/LambdaForm$MH+0x000000010055d800'
Event: 830.959 Thread 0x000001d3d434a840 Unloading class 0x0000000100593000 'java/lang/invoke/LambdaForm$MH+0x0000000100593000'
Event: 830.959 Thread 0x000001d3d434a840 Unloading class 0x0000000100604400 'java/lang/invoke/LambdaForm$MH+0x0000000100604400'
Event: 830.959 Thread 0x000001d3d434a840 Unloading class 0x000000010063c800 'java/lang/invoke/LambdaForm$MH+0x000000010063c800'
Event: 1178.694 Thread 0x000001d3d434a840 Unloading class 0x0000000100436000 'jdk/internal/reflect/GeneratedConstructorAccessor42'
Event: 1178.695 Thread 0x000001d3d434a840 Unloading class 0x00000001006fa400 'jdk/internal/reflect/GeneratedConstructorAccessor41'
Event: 1178.695 Thread 0x000001d3d434a840 Unloading class 0x000000010071c400 'jdk/internal/reflect/GeneratedConstructorAccessor40'
Event: 1178.695 Thread 0x000001d3d434a840 Unloading class 0x0000000100720800 'jdk/internal/reflect/GeneratedConstructorAccessor39'

Classes redefined (0 events):
No events

Internal exceptions (20 events):
Event: 748.769 Thread 0x000001d3da888160 Exception <a 'java/lang/NoSuchMethodError'{0x00000000c44965c0}: 'java.lang.Object java.lang.invoke.DirectMethodHandle$Holder.newInvokeSpecial(java.lang.Object, java.lang.Object, java.lang.Object, java.lang.Object, java.lang.Object, long)'> (0x00000000c44965c0) 
thrown [s\src\hotspot\share\interpreter\linkResolver.cpp, line 759]
Event: 748.770 Thread 0x000001d3da888160 Exception <a 'java/lang/NoSuchMethodError'{0x00000000c449ac30}: 'java.lang.Object java.lang.invoke.DirectMethodHandle$Holder.invokeSpecial(java.lang.Object, java.lang.Object, java.lang.Object, java.lang.Object, java.lang.Object, java.lang.Object, long)'> (0x00000000c449ac30) 
thrown [s\src\hotspot\share\interpreter\linkResolver.cpp, line 759]
Event: 750.403 Thread 0x000001d3da883060 Exception <a 'java/lang/NoSuchMethodError'{0x00000000c34f5410}: 'java.lang.Object java.lang.invoke.Invokers$Holder.invoke_MT(java.lang.Object, java.lang.Object, java.lang.Object)'> (0x00000000c34f5410) 
thrown [s\src\hotspot\share\interpreter\linkResolver.cpp, line 759]
Event: 755.546 Thread 0x000001d3da887c50 Exception <a 'java/lang/NullPointerException'{0x00000000c3438688}> (0x00000000c3438688) 
thrown [s\src\hotspot\share\interpreter\linkResolver.cpp, line 1350]
Event: 755.552 Thread 0x000001d3da888b80 Exception <a 'java/lang/NullPointerException'{0x00000000c3723cc8}> (0x00000000c3723cc8) 
thrown [s\src\hotspot\share\interpreter\linkResolver.cpp, line 1350]
Event: 755.887 Thread 0x000001d3da883060 Exception <a 'java/lang/IncompatibleClassChangeError'{0x00000000c33e0880}: Found class java.lang.Object, but interface was expected> (0x00000000c33e0880) 
thrown [s\src\hotspot\share\interpreter\linkResolver.cpp, line 826]
Event: 756.757 Thread 0x000001d3da884ec0 Exception <a 'java/lang/NoSuchMethodError'{0x00000000c3d17768}: 'int java.lang.invoke.DirectMethodHandle$Holder.invokeSpecialIFC(java.lang.Object, java.lang.Object, java.lang.Object)'> (0x00000000c3d17768) 
thrown [s\src\hotspot\share\interpreter\linkResolver.cpp, line 759]
Event: 758.569 Thread 0x000001d3da3559b0 Exception <a 'java/lang/NoSuchMethodError'{0x00000000c45c4018}: 'void java.lang.invoke.DirectMethodHandle$Holder.invokeStatic(java.lang.Object, java.lang.Object, java.lang.Object, java.lang.Object, java.lang.Object, java.lang.Object, java.lang.Object)'> (0x00000000c45c4018) 
thrown [s\src\hotspot\share\interpreter\linkResolver.cpp, line 759]
Event: 1101.903 Thread 0x000001d3da354060 Exception <a 'sun/nio/fs/WindowsException'{0x00000000c5aef2a8}> (0x00000000c5aef2a8) 
thrown [s\src\hotspot\share\prims\jni.cpp, line 516]
Event: 1101.903 Thread 0x000001d3da354060 Exception <a 'sun/nio/fs/WindowsException'{0x00000000c5aefd90}> (0x00000000c5aefd90) 
thrown [s\src\hotspot\share\prims\jni.cpp, line 516]
Event: 1101.903 Thread 0x000001d3da354060 Exception <a 'sun/nio/fs/WindowsException'{0x00000000c5af0820}> (0x00000000c5af0820) 
thrown [s\src\hotspot\share\prims\jni.cpp, line 516]
Event: 1101.903 Thread 0x000001d3da354060 Exception <a 'sun/nio/fs/WindowsException'{0x00000000c5af1260}> (0x00000000c5af1260) 
thrown [s\src\hotspot\share\prims\jni.cpp, line 516]
Event: 1101.904 Thread 0x000001d3da354060 Exception <a 'sun/nio/fs/WindowsException'{0x00000000c5af1cf0}> (0x00000000c5af1cf0) 
thrown [s\src\hotspot\share\prims\jni.cpp, line 516]
Event: 1101.904 Thread 0x000001d3da354060 Exception <a 'sun/nio/fs/WindowsException'{0x00000000c5af28b8}> (0x00000000c5af28b8) 
thrown [s\src\hotspot\share\prims\jni.cpp, line 516]
Event: 1101.905 Thread 0x000001d3da354060 Exception <a 'sun/nio/fs/WindowsException'{0x00000000c5af3e70}> (0x00000000c5af3e70) 
thrown [s\src\hotspot\share\prims\jni.cpp, line 516]
Event: 1101.905 Thread 0x000001d3da354060 Exception <a 'sun/nio/fs/WindowsException'{0x00000000c5af4958}> (0x00000000c5af4958) 
thrown [s\src\hotspot\share\prims\jni.cpp, line 516]
Event: 1101.905 Thread 0x000001d3da354060 Exception <a 'sun/nio/fs/WindowsException'{0x00000000c5af53e8}> (0x00000000c5af53e8) 
thrown [s\src\hotspot\share\prims\jni.cpp, line 516]
Event: 1101.906 Thread 0x000001d3da354060 Exception <a 'sun/nio/fs/WindowsException'{0x00000000c5af5e28}> (0x00000000c5af5e28) 
thrown [s\src\hotspot\share\prims\jni.cpp, line 516]
Event: 1101.906 Thread 0x000001d3da354060 Exception <a 'sun/nio/fs/WindowsException'{0x00000000c5af68b8}> (0x00000000c5af68b8) 
thrown [s\src\hotspot\share\prims\jni.cpp, line 516]
Event: 1101.906 Thread 0x000001d3da354060 Exception <a 'sun/nio/fs/WindowsException'{0x00000000c5af7480}> (0x00000000c5af7480) 
thrown [s\src\hotspot\share\prims\jni.cpp, line 516]

VM Operations (20 events):
Event: 2927.096 Executing VM operation: G1CollectFull done
Event: 2937.399 Executing VM operation: G1CollectFull
Event: 2937.454 Executing VM operation: G1CollectFull done
Event: 2948.074 Executing VM operation: G1CollectFull
Event: 2948.137 Executing VM operation: G1CollectFull done
Event: 2958.430 Executing VM operation: G1CollectFull
Event: 2958.475 Executing VM operation: G1CollectFull done
Event: 2968.769 Executing VM operation: G1CollectFull
Event: 2968.828 Executing VM operation: G1CollectFull done
Event: 2979.114 Executing VM operation: G1CollectFull
Event: 2979.154 Executing VM operation: G1CollectFull done
Event: 2989.435 Executing VM operation: G1CollectFull
Event: 2989.477 Executing VM operation: G1CollectFull done
Event: 2999.790 Executing VM operation: G1CollectFull
Event: 2999.851 Executing VM operation: G1CollectFull done
Event: 3010.383 Executing VM operation: G1CollectFull
Event: 3010.471 Executing VM operation: G1CollectFull done
Event: 3020.753 Executing VM operation: G1CollectFull
Event: 3020.798 Executing VM operation: G1CollectFull done
Event: 3030.914 Executing VM operation: G1CollectFull

Events (20 events):
Event: 2548.891 Thread 0x000001d3da888670 Thread added: 0x000001d3da888670
Event: 2549.083 Thread 0x000001d3da886d20 Thread added: 0x000001d3da886d20
Event: 2558.402 Thread 0x000001d3da883a80 Thread added: 0x000001d3da883a80
Event: 2558.411 Thread 0x000001d3da887230 Thread added: 0x000001d3da887230
Event: 2558.414 Thread 0x000001d3da887740 Thread added: 0x000001d3da887740
Event: 2558.416 Thread 0x000001d3da884ec0 Thread added: 0x000001d3da884ec0
Event: 2558.460 Thread 0x000001d3da887c50 Thread added: 0x000001d3da887c50
Event: 2558.706 Thread 0x000001d3d9f7d650 Thread added: 0x000001d3d9f7d650
Event: 2562.313 Thread 0x000001d3d9f7d100 Thread added: 0x000001d3d9f7d100
Event: 2562.411 Thread 0x000001d3da889fc0 Thread added: 0x000001d3da889fc0
Event: 2563.421 Thread 0x000001d3d9f7d100 Thread exited: 0x000001d3d9f7d100
Event: 2568.424 Thread 0x000001d3d9f7d650 Thread exited: 0x000001d3d9f7d650
Event: 2622.684 Thread 0x000001d3da888670 Thread exited: 0x000001d3da888670
Event: 2622.687 Thread 0x000001d3da887230 Thread exited: 0x000001d3da887230
Event: 2622.694 Thread 0x000001d3da889090 Thread exited: 0x000001d3da889090
Event: 2622.697 Thread 0x000001d3da886d20 Thread exited: 0x000001d3da886d20
Event: 2676.331 Thread 0x000001d3da887740 Thread exited: 0x000001d3da887740
Event: 2682.688 Thread 0x000001d3da889fc0 Thread exited: 0x000001d3da889fc0
Event: 2742.688 Thread 0x000001d3da887c50 Thread exited: 0x000001d3da887c50
Event: 2802.689 Thread 0x000001d3da884ec0 Thread exited: 0x000001d3da884ec0


Dynamic libraries:
0x00007ff7b0b60000 - 0x00007ff7b0b6e000 	c:\Users\79528\.vscode\extensions\redhat.java-1.31.0-win32-x64\jre\17.0.11-win32-x86_64\bin\java.exe
0x00007ffeeff60000 - 0x00007ffef0150000 	C:\WINDOWS\SYSTEM32\ntdll.dll
0x00007ffeeed30000 - 0x00007ffeeede2000 	C:\WINDOWS\System32\KERNEL32.DLL
0x00007ffeed1c0000 - 0x00007ffeed465000 	C:\WINDOWS\System32\KERNELBASE.dll
0x00007ffeecf70000 - 0x00007ffeed06a000 	C:\WINDOWS\System32\ucrtbase.dll
0x00007ffedfa60000 - 0x00007ffedfa77000 	c:\Users\79528\.vscode\extensions\redhat.java-1.31.0-win32-x64\jre\17.0.11-win32-x86_64\bin\jli.dll
0x00007ffeefd80000 - 0x00007ffeeff14000 	C:\WINDOWS\System32\USER32.dll
0x00007ffeed160000 - 0x00007ffeed181000 	C:\WINDOWS\System32\win32u.dll
0x00007ffeeedf0000 - 0x00007ffeeee16000 	C:\WINDOWS\System32\GDI32.dll
0x00007ffeed4e0000 - 0x00007ffeed678000 	C:\WINDOWS\System32\gdi32full.dll
0x00007ffeeced0000 - 0x00007ffeecf6e000 	C:\WINDOWS\System32\msvcp_win.dll
0x00007ffedfc60000 - 0x00007ffedfc7b000 	c:\Users\79528\.vscode\extensions\redhat.java-1.31.0-win32-x64\jre\17.0.11-win32-x86_64\bin\VCRUNTIME140.dll
0x00007ffedc240000 - 0x00007ffedc4c4000 	C:\WINDOWS\WinSxS\amd64_microsoft.windows.common-controls_6595b64144ccf1df_6.0.18362.1556_none_9e7e372fe45e41d5\COMCTL32.dll
0x00007ffeee850000 - 0x00007ffeee8ee000 	C:\WINDOWS\System32\msvcrt.dll
0x00007ffeee510000 - 0x00007ffeee846000 	C:\WINDOWS\System32\combase.dll
0x00007ffeefb90000 - 0x00007ffeefcaf000 	C:\WINDOWS\System32\RPCRT4.dll
0x00007ffeed070000 - 0x00007ffeed0f1000 	C:\WINDOWS\System32\bcryptPrimitives.dll
0x00007ffeee010000 - 0x00007ffeee03e000 	C:\WINDOWS\System32\IMM32.DLL
0x00007ffee96b0000 - 0x00007ffee96bc000 	c:\Users\79528\.vscode\extensions\redhat.java-1.31.0-win32-x64\jre\17.0.11-win32-x86_64\bin\vcruntime140_1.dll
0x00007ffeca0b0000 - 0x00007ffeca13d000 	c:\Users\79528\.vscode\extensions\redhat.java-1.31.0-win32-x64\jre\17.0.11-win32-x86_64\bin\msvcp140.dll
0x00007ffe7e3b0000 - 0x00007ffe7f012000 	c:\Users\79528\.vscode\extensions\redhat.java-1.31.0-win32-x64\jre\17.0.11-win32-x86_64\bin\server\jvm.dll
0x00007ffeeec10000 - 0x00007ffeeecb3000 	C:\WINDOWS\System32\ADVAPI32.dll
0x00007ffeefa90000 - 0x00007ffeefb27000 	C:\WINDOWS\System32\sechost.dll
0x00007ffeece60000 - 0x00007ffeeceaa000 	C:\WINDOWS\System32\POWRPROF.dll
0x00007ffeece10000 - 0x00007ffeece20000 	C:\WINDOWS\System32\UMPDC.dll
0x00007ffed68e0000 - 0x00007ffed68e9000 	C:\WINDOWS\SYSTEM32\WSOCK32.dll
0x00007ffeef920000 - 0x00007ffeef98f000 	C:\WINDOWS\System32\WS2_32.dll
0x00007ffee99b0000 - 0x00007ffee99d4000 	C:\WINDOWS\SYSTEM32\WINMM.dll
0x00007ffee31f0000 - 0x00007ffee31fa000 	C:\WINDOWS\SYSTEM32\VERSION.dll
0x00007ffee9980000 - 0x00007ffee99ad000 	C:\WINDOWS\SYSTEM32\WINMMBASE.dll
0x00007ffeed470000 - 0x00007ffeed4ba000 	C:\WINDOWS\System32\cfgmgr32.dll
0x00007ffeece20000 - 0x00007ffeece31000 	C:\WINDOWS\System32\kernel.appcore.dll
0x00007ffee9680000 - 0x00007ffee968a000 	c:\Users\79528\.vscode\extensions\redhat.java-1.31.0-win32-x64\jre\17.0.11-win32-x86_64\bin\jimage.dll
0x00007ffedb1d0000 - 0x00007ffedb3c4000 	C:\WINDOWS\SYSTEM32\DBGHELP.DLL
0x00007ffedb0c0000 - 0x00007ffedb0ea000 	C:\WINDOWS\SYSTEM32\dbgcore.DLL
0x00007ffedbef0000 - 0x00007ffedbf15000 	c:\Users\79528\.vscode\extensions\redhat.java-1.31.0-win32-x64\jre\17.0.11-win32-x86_64\bin\java.dll
0x00007ffedfa10000 - 0x00007ffedfa28000 	c:\Users\79528\.vscode\extensions\redhat.java-1.31.0-win32-x64\jre\17.0.11-win32-x86_64\bin\zip.dll
0x00007ffeef080000 - 0x00007ffeef767000 	C:\WINDOWS\System32\SHELL32.dll
0x00007ffeeefd0000 - 0x00007ffeef078000 	C:\WINDOWS\System32\shcore.dll
0x00007ffeed890000 - 0x00007ffeee00b000 	C:\WINDOWS\System32\windows.storage.dll
0x00007ffeeceb0000 - 0x00007ffeecece000 	C:\WINDOWS\System32\profapi.dll
0x00007ffeeecc0000 - 0x00007ffeeed12000 	C:\WINDOWS\System32\shlwapi.dll
0x00007ffeed4c0000 - 0x00007ffeed4d7000 	C:\WINDOWS\System32\cryptsp.dll
0x00007ffedd530000 - 0x00007ffedd549000 	C:\Users\79528\.vscode\extensions\redhat.java-1.31.0-win32-x64\jre\17.0.11-win32-x86_64\bin\net.dll
0x00007ffee4330000 - 0x00007ffee442a000 	C:\WINDOWS\SYSTEM32\WINHTTP.dll
0x00007ffeec510000 - 0x00007ffeec577000 	C:\WINDOWS\system32\mswsock.dll
0x00007ffedd380000 - 0x00007ffedd396000 	C:\Users\79528\.vscode\extensions\redhat.java-1.31.0-win32-x64\jre\17.0.11-win32-x86_64\bin\nio.dll
0x00007ffee5220000 - 0x00007ffee5230000 	c:\Users\79528\.vscode\extensions\redhat.java-1.31.0-win32-x64\jre\17.0.11-win32-x86_64\bin\verify.dll
0x00007ffeec0a0000 - 0x00007ffeec0d3000 	C:\WINDOWS\system32\rsaenh.dll
0x00007ffeed190000 - 0x00007ffeed1b6000 	C:\WINDOWS\System32\bcrypt.dll
0x00007ffeecca0000 - 0x00007ffeeccc5000 	C:\WINDOWS\SYSTEM32\USERENV.dll
0x00007ffeec690000 - 0x00007ffeec69c000 	C:\WINDOWS\SYSTEM32\CRYPTBASE.dll
0x00007ffeec230000 - 0x00007ffeec26a000 	C:\WINDOWS\SYSTEM32\IPHLPAPI.DLL
0x00007ffeeed20000 - 0x00007ffeeed28000 	C:\WINDOWS\System32\NSI.dll
0x00007ffee5ba0000 - 0x00007ffee5bb6000 	C:\WINDOWS\SYSTEM32\dhcpcsvc6.DLL
0x00007ffee5b80000 - 0x00007ffee5b9c000 	C:\WINDOWS\SYSTEM32\dhcpcsvc.DLL
0x00007ffeec270000 - 0x00007ffeec33b000 	C:\WINDOWS\SYSTEM32\DNSAPI.dll
0x00007ffedaf00000 - 0x00007ffedaf09000 	C:\Users\79528\.vscode\extensions\redhat.java-1.31.0-win32-x64\jre\17.0.11-win32-x86_64\bin\management.dll
0x00007ffed9be0000 - 0x00007ffed9beb000 	C:\Users\79528\.vscode\extensions\redhat.java-1.31.0-win32-x64\jre\17.0.11-win32-x86_64\bin\management_ext.dll
0x00007ffeefa00000 - 0x00007ffeefa08000 	C:\WINDOWS\System32\PSAPI.DLL
0x00007ffed16e0000 - 0x00007ffed16ee000 	C:\Users\79528\.vscode\extensions\redhat.java-1.31.0-win32-x64\jre\17.0.11-win32-x86_64\bin\sunmscapi.dll
0x00007ffeed680000 - 0x00007ffeed7d1000 	C:\WINDOWS\System32\CRYPT32.dll
0x00007ffeece40000 - 0x00007ffeece52000 	C:\WINDOWS\System32\MSASN1.dll
0x00007ffeec7a0000 - 0x00007ffeec7c6000 	C:\WINDOWS\SYSTEM32\ncrypt.dll
0x00007ffeec760000 - 0x00007ffeec79b000 	C:\WINDOWS\SYSTEM32\NTASN1.dll
0x00007ffee1610000 - 0x00007ffee161a000 	C:\Windows\System32\rasadhlp.dll
0x00007ffee5600000 - 0x00007ffee5677000 	C:\WINDOWS\System32\fwpuclnt.dll
0x00007ffedfb30000 - 0x00007ffedfb39000 	C:\Users\79528\.vscode\extensions\redhat.java-1.31.0-win32-x64\jre\17.0.11-win32-x86_64\bin\extnet.dll

dbghelp: loaded successfully - version: 4.0.5 - missing functions: none
symbol engine: initialized successfully - sym options: 0x614 - pdb path: .;c:\Users\79528\.vscode\extensions\redhat.java-1.31.0-win32-x64\jre\17.0.11-win32-x86_64\bin;C:\WINDOWS\SYSTEM32;C:\WINDOWS\WinSxS\amd64_microsoft.windows.common-controls_6595b64144ccf1df_6.0.18362.1556_none_9e7e372fe45e41d5;c:\Users\79528\.vscode\extensions\redhat.java-1.31.0-win32-x64\jre\17.0.11-win32-x86_64\bin\server

VM Arguments:
jvm_args: -Xmx1024m -Dsts.lsp.client=vscode -Dsts.log.file=/dev/null -XX:TieredStopAtLevel=1 -Xlog:jni+resolve=off -Dspring.config.location=file:c:\Users\79528\.vscode\extensions\vmware.vscode-spring-boot-1.55.0\language-server\BOOT-INF\classes\application.properties 
java_command: org.springframework.ide.vscode.boot.app.BootLanguageServerBootApp
java_class_path (initial): c:\Users\79528\.vscode\extensions\vmware.vscode-spring-boot-1.55.0\language-server\BOOT-INF\classes;c:\Users\79528\.vscode\extensions\vmware.vscode-spring-boot-1.55.0\language-server\BOOT-INF\lib\annotations-24.1.0.jar;c:\Users\79528\.vscode\extensions\vmware.vscode-spring-boot-1.55.0\language-server\BOOT-INF\lib\antlr4-runtime-4.13.1.jar;c:\Users\79528\.vscode\extensions\vmware.vscode-spring-boot-1.55.0\language-server\BOOT-INF\lib\asm-9.7.jar;c:\Users\79528\.vscode\extensions\vmware.vscode-spring-boot-1.55.0\language-server\BOOT-INF\lib\asm-analysis-9.7.jar;c:\Users\79528\.vscode\extensions\vmware.vscode-spring-boot-1.55.0\language-server\BOOT-INF\lib\asm-tree-9.7.jar;c:\Users\79528\.vscode\extensions\vmware.vscode-spring-boot-1.55.0\language-server\BOOT-INF\lib\asm-util-9.7.jar;c:\Users\79528\.vscode\extensions\vmware.vscode-spring-boot-1.55.0\language-server\BOOT-INF\lib\caffeine-3.1.8.jar;c:\Users\79528\.vscode\extensions\vmware.vscode-spring-boot-1.55.0\language-server\BOOT-INF\lib\checker-qual-3.12.0.jar;c:\Users\79528\.vscode\extensions\vmware.vscode-spring-boot-1.55.0\language-server\BOOT-INF\lib\classgraph-4.8.149.jar;c:\Users\79528\.vscode\extensions\vmware.vscode-spring-boot-1.55.0\language-server\BOOT-INF\lib\commons-codec-1.16.1.jar;c:\Users\79528\.vscode\extensions\vmware.vscode-spring-boot-1.55.0\language-server\BOOT-INF\lib\commons-compress-1.26.1.jar;c:\Users\79528\.vscode\extensions\vmware.vscode-spring-boot-1.55.0\language-server\BOOT-INF\lib\commons-io-2.16.1.jar;c:\Users\79528\.vscode\extensions\vmware.vscode-spring-boot-1.55.0\language-server\BOOT-INF\lib\commons-java-1.55.0-SNAPSHOT.jar;c:\Users\79528\.vscode\extensions\vmware.vscode-spring-boot-1.55.0\language-server\BOOT-INF\lib\commons-lang3-3.14.0.jar;c:\Users\79528\.vscode\extensions\vmware.vscode-spring-boot-1.55.0\language-server\BOOT-INF\lib\commons-language-server-1.55.0-SNAPSHOT.jar;c:\Users\79528\.vscode\extensions\vmware.vscode-spring-boot-1.55.0\langu
Launcher Type: SUN_STANDARD

[Global flags]
     intx CICompilerCount                          = 4                                         {product} {ergonomic}
     uint ConcGCThreads                            = 2                                         {product} {ergonomic}
     uint G1ConcRefinementThreads                  = 8                                         {product} {ergonomic}
   size_t G1HeapRegionSize                         = 1048576                                   {product} {ergonomic}
    uintx GCDrainStackTargetSize                   = 64                                        {product} {ergonomic}
   size_t InitialHeapSize                          = 100663296                                 {product} {ergonomic}
   size_t MarkStackSize                            = 4194304                                   {product} {ergonomic}
   size_t MaxHeapSize                              = 1073741824                                {product} {command line}
   size_t MaxNewSize                               = 643825664                                 {product} {ergonomic}
   size_t MinHeapDeltaBytes                        = 1048576                                   {product} {ergonomic}
   size_t MinHeapSize                              = 8388608                                   {product} {ergonomic}
    uintx NonProfiledCodeHeapSize                  = 0                                      {pd product} {ergonomic}
     bool ProfileInterpreter                       = false                                  {pd product} {command line}
    uintx ProfiledCodeHeapSize                     = 0                                      {pd product} {ergonomic}
   size_t SoftMaxHeapSize                          = 1073741824                             {manageable} {ergonomic}
     intx TieredStopAtLevel                        = 1                                         {product} {command line}
     bool UseCompressedClassPointers               = true                           {product lp64_product} {ergonomic}
     bool UseCompressedOops                        = true                           {product lp64_product} {ergonomic}
     bool UseG1GC                                  = true                                      {product} {ergonomic}
     bool UseLargePagesIndividualAllocation        = false                                  {pd product} {ergonomic}

Logging:
Log output configuration:
 #0: stdout all=warning,jni+resolve=off uptime,level,tags
 #1: stderr all=off uptime,level,tags

Environment Variables:
JAVA_HOME=C:\Program Files\Java\jdk-17.0.3
PATH=C:\Users\79528\AppData\Local\cloud-code\installer\google-cloud-sdk\bin;C:\Python312\Scripts\;C:\Python312\;C:\Python311\;C:\Program Files (x86)\Common Files\Intel\Shared Libraries\redist\intel64\compiler;C:\Program Files\Common Files\Oracle\Java\javapath;C:\Program Files (x86)\Common Files\Oracle\Java\javapath;C:\Oracle19c\db_home\bin;C:\WINDOWS\system32;C:\WINDOWS;C:\WINDOWS\System32\Wbem;C:\WINDOWS\System32\WindowsPowerShell\v1.0\;C:\WINDOWS\System32\OpenSSH\;C:\Program Files\Common Files\Autodesk Shared\;C:\Program Files\Git\cmd;C:\ProgramData\chocolatey\bin;C:\Users\79528\AppData\Local\Programs\Python\Python310\Scripts\;C:\Users\79528\AppData\Local\Programs\Python\Python310\;C:\Program Files\MySQL\MySQL Shell 8.0\bin\;C:\Users\79528\AppData\Local\Microsoft\WindowsApps;C:\Users\79528\AppData\Local\GitHubDesktop\bin;C:\Users\79528\AppData\Roaming\npm;C:\adb;C:\PHP8;C:\Program Files\Docker\Docker\resources\bin;C:\Program Files\Calibre2\;C:\Program Files\Tools;C:\Program Files\WezTerm;C:\kubectl;C:\Program Files\Cloudflare\Cloudflare WARP\;C:\Program Files (x86)\AOMEI\AOMEI Backupper\7.2.1;C:\Program Files\nodejs\;C:\Users\79528\AppData\Local\Programs\Microsoft VS Code\bin;C:\Users\79528\AppData\Local\JetBrains\Toolbox\scripts;C:\Users\79528\AppData\Local\Google\Cloud SDK\google-cloud-sdk\bin;C:\Program Files (x86)\Google\Cloud SDK\google-cloud-sdk\bin;C:\Program Files\Google\Cloud SDK\google-cloud-sdk\bin
USERNAME=Bertolt Winterhalter
OS=Windows_NT
PROCESSOR_IDENTIFIER=AMD64 Family 23 Model 24 Stepping 1, AuthenticAMD
TMP=C:\Users\79528\AppData\Local\Temp
TEMP=C:\Users\79528\AppData\Local\Temp



Periodic native trim disabled


---------------  S Y S T E M  ---------------

OS:
 Windows 10 , 64 bit Build 18362 (10.0.18362.1500)
OS uptime: 9 days 9:46 hours
Hyper-V role detected

CPU: total 8 (initial active 8) (8 cores per cpu, 2 threads per core) family 23 model 24 stepping 1 microcode 0x0, cx8, cmov, fxsr, ht, mmx, 3dnowpref, sse, sse2, sse3, ssse3, sse4a, sse4.1, sse4.2, popcnt, lzcnt, tsc, tscinvbit, avx, avx2, aes, clmul, bmi1, bmi2, adx, sha, fma, vzeroupper, clflush, clflushopt, hv
Processor Information for all 8 processors :
  Max Mhz: 2100, Current Mhz: 2100, Mhz Limit: 2100

Memory: 4k page, system-wide physical 6091M (322M free)
TotalPageFile size 24523M (AvailPageFile size 0M)
current process WorkingSet (physical memory assigned to process): 61M, peak: 184M
current process commit charge ("private bytes"): 248M, peak: 259M

vm_info: OpenJDK 64-Bit Server VM (17.0.11+9) for windows-amd64 JRE (17.0.11+9), built on Apr 17 2024 06:07:48 by "admin" with MS VC++ 16.10 / 16.11 (VS2019)

END.
